{"/home/runner/work/plugin-templates/plugin-templates/src/actions.ts": {"path":"/home/runner/work/plugin-templates/plugin-templates/src/actions.ts","statementMap":{"0":{"start":{"line":1,"column":0},"end":{"line":1,"column":25}},"1":{"start":{"line":3,"column":0},"end":{"line":3,"column":52}},"2":{"start":{"line":4,"column":0},"end":{"line":4,"column":66}},"3":{"start":{"line":6,"column":0},"end":{"line":6,"column":null}},"4":{"start":{"line":7,"column":4},"end":{"line":7,"column":null}},"5":{"start":{"line":8,"column":4},"end":{"line":8,"column":null}},"6":{"start":{"line":9,"column":4},"end":{"line":9,"column":null}},"7":{"start":{"line":12,"column":32},"end":{"line":23,"column":null}},"8":{"start":{"line":12,"column":60},"end":{"line":23,"column":null}},"9":{"start":{"line":13,"column":4},"end":{"line":13,"column":63}},"10":{"start":{"line":15,"column":22},"end":{"line":15,"column":76}},"11":{"start":{"line":16,"column":4},"end":{"line":22,"column":null}},"12":{"start":{"line":17,"column":23},"end":{"line":17,"column":65}},"13":{"start":{"line":18,"column":8},"end":{"line":21,"column":null}},"14":{"start":{"line":19,"column":26},"end":{"line":19,"column":60}},"15":{"start":{"line":20,"column":12},"end":{"line":20,"column":48}},"16":{"start":{"line":25,"column":29},"end":{"line":33,"column":null}},"17":{"start":{"line":25,"column":72},"end":{"line":33,"column":null}},"18":{"start":{"line":26,"column":21},"end":{"line":26,"column":82}},"19":{"start":{"line":27,"column":17},"end":{"line":27,"column":142}},"20":{"start":{"line":28,"column":4},"end":{"line":28,"column":55}},"21":{"start":{"line":29,"column":4},"end":{"line":32,"column":null}},"22":{"start":{"line":30,"column":22},"end":{"line":30,"column":56}},"23":{"start":{"line":31,"column":8},"end":{"line":31,"column":45}},"24":{"start":{"line":35,"column":13},"end":{"line":47,"column":null}},"25":{"start":{"line":35,"column":96},"end":{"line":47,"column":null}},"26":{"start":{"line":36,"column":4},"end":{"line":46,"column":null}},"27":{"start":{"line":38,"column":12},"end":{"line":38,"column":52}},"28":{"start":{"line":39,"column":12},"end":{"line":39,"column":18}},"29":{"start":{"line":41,"column":12},"end":{"line":41,"column":52}},"30":{"start":{"line":42,"column":12},"end":{"line":42,"column":18}},"31":{"start":{"line":44,"column":12},"end":{"line":44,"column":52}},"32":{"start":{"line":45,"column":12},"end":{"line":45,"column":18}}},"fnMap":{"0":{"name":"(anonymous_7)","decl":{"start":{"line":6,"column":0},"end":{"line":6,"column":12}},"loc":{"start":{"line":6,"column":26},"end":{"line":10,"column":1}}},"1":{"name":"(anonymous_8)","decl":{"start":{"line":12,"column":32},"end":{"line":12,"column":39}},"loc":{"start":{"line":12,"column":60},"end":{"line":23,"column":null}}},"2":{"name":"(anonymous_9)","decl":{"start":{"line":12,"column":60},"end":{"line":12,"column":null}},"loc":{"start":{"line":12,"column":60},"end":{"line":23,"column":1}}},"3":{"name":"(anonymous_10)","decl":{"start":{"line":25,"column":29},"end":{"line":25,"column":36}},"loc":{"start":{"line":25,"column":72},"end":{"line":33,"column":null}}},"4":{"name":"(anonymous_11)","decl":{"start":{"line":25,"column":72},"end":{"line":25,"column":null}},"loc":{"start":{"line":25,"column":72},"end":{"line":33,"column":1}}},"5":{"name":"(anonymous_12)","decl":{"start":{"line":35,"column":29},"end":{"line":35,"column":36}},"loc":{"start":{"line":35,"column":96},"end":{"line":47,"column":null}}},"6":{"name":"(anonymous_13)","decl":{"start":{"line":35,"column":96},"end":{"line":35,"column":null}},"loc":{"start":{"line":35,"column":96},"end":{"line":47,"column":1}}}},"branchMap":{"0":{"loc":{"start":{"line":6,"column":12},"end":{"line":6,"column":26}},"type":"binary-expr","locations":[{"start":{"line":6,"column":12},"end":{"line":6,"column":26}},{"start":{"line":6,"column":12},"end":{"line":6,"column":null}}]},"1":{"loc":{"start":{"line":16,"column":4},"end":{"line":22,"column":null}},"type":"if","locations":[{"start":{"line":16,"column":4},"end":{"line":22,"column":null}},{"start":{"line":16,"column":4},"end":{"line":22,"column":null}}]},"2":{"loc":{"start":{"line":26,"column":39},"end":{"line":26,"column":54}},"type":"cond-expr","locations":[{"start":{"line":26,"column":39},"end":{"line":26,"column":54}},{"start":{"line":26,"column":57},"end":{"line":26,"column":82}}]},"3":{"loc":{"start":{"line":37,"column":8},"end":{"line":39,"column":18}},"type":"switch","locations":[{"start":{"line":37,"column":8},"end":{"line":39,"column":18}},{"start":{"line":40,"column":8},"end":{"line":42,"column":18}},{"start":{"line":43,"column":8},"end":{"line":45,"column":18}}]}},"s":{"0":0,"1":0,"2":0,"3":0,"4":0,"5":0,"6":0,"7":0,"8":0,"9":0,"10":0,"11":0,"12":0,"13":0,"14":0,"15":0,"16":0,"17":0,"18":0,"19":0,"20":0,"21":0,"22":0,"23":0,"24":0,"25":0,"26":0,"27":0,"28":0,"29":0,"30":0,"31":0,"32":0},"f":{"0":0,"1":0,"2":0,"3":0,"4":0,"5":0,"6":0},"b":{"0":[0,0],"1":[0,0],"2":[0,0],"3":[0,0,0]}}
,"/home/runner/work/plugin-templates/plugin-templates/src/index.ts": {"path":"/home/runner/work/plugin-templates/plugin-templates/src/index.ts","statementMap":{"0":{"start":{"line":1,"column":0},"end":{"line":1,"column":25}},"1":{"start":{"line":2,"column":0},"end":{"line":2,"column":62}},"2":{"start":{"line":3,"column":0},"end":{"line":3,"column":34}},"3":{"start":{"line":4,"column":0},"end":{"line":4,"column":55}},"4":{"start":{"line":5,"column":0},"end":{"line":5,"column":86}},"5":{"start":{"line":6,"column":0},"end":{"line":6,"column":67}},"6":{"start":{"line":7,"column":0},"end":{"line":7,"column":58}},"7":{"start":{"line":8,"column":0},"end":{"line":8,"column":56}},"8":{"start":{"line":9,"column":0},"end":{"line":9,"column":29}},"9":{"start":{"line":10,"column":0},"end":{"line":10,"column":34}},"10":{"start":{"line":12,"column":26},"end":{"line":12,"column":77}},"11":{"start":{"line":14,"column":0},"end":{"line":247,"column":3}},"12":{"start":{"line":17,"column":8},"end":{"line":19,"column":11}},"13":{"start":{"line":23,"column":8},"end":{"line":57,"column":11}},"14":{"start":{"line":61,"column":33},"end":{"line":61,"column":76}},"15":{"start":{"line":63,"column":27},"end":{"line":63,"column":70}},"16":{"start":{"line":64,"column":31},"end":{"line":64,"column":78}},"17":{"start":{"line":65,"column":31},"end":{"line":65,"column":78}},"18":{"start":{"line":66,"column":27},"end":{"line":66,"column":74}},"19":{"start":{"line":68,"column":33},"end":{"line":68,"column":97}},"20":{"start":{"line":69,"column":23},"end":{"line":69,"column":45}},"21":{"start":{"line":70,"column":23},"end":{"line":70,"column":77}},"22":{"start":{"line":74,"column":8},"end":{"line":74,"column":58}},"23":{"start":{"line":78,"column":48},"end":{"line":83,"column":null}},"24":{"start":{"line":78,"column":104},"end":{"line":83,"column":null}},"25":{"start":{"line":79,"column":35},"end":{"line":79,"column":71}},"26":{"start":{"line":80,"column":12},"end":{"line":82,"column":null}},"27":{"start":{"line":81,"column":16},"end":{"line":81,"column":60}},"28":{"start":{"line":85,"column":44},"end":{"line":88,"column":null}},"29":{"start":{"line":85,"column":77},"end":{"line":88,"column":null}},"30":{"start":{"line":86,"column":35},"end":{"line":86,"column":79}},"31":{"start":{"line":87,"column":12},"end":{"line":87,"column":68}},"32":{"start":{"line":92,"column":8},"end":{"line":98,"column":11}},"33":{"start":{"line":95,"column":32},"end":{"line":97,"column":null}},"34":{"start":{"line":96,"column":16},"end":{"line":96,"column":74}},"35":{"start":{"line":100,"column":8},"end":{"line":106,"column":11}},"36":{"start":{"line":103,"column":32},"end":{"line":105,"column":null}},"37":{"start":{"line":104,"column":16},"end":{"line":104,"column":74}},"38":{"start":{"line":108,"column":8},"end":{"line":114,"column":11}},"39":{"start":{"line":111,"column":32},"end":{"line":113,"column":null}},"40":{"start":{"line":112,"column":16},"end":{"line":112,"column":77}},"41":{"start":{"line":116,"column":8},"end":{"line":129,"column":11}},"42":{"start":{"line":119,"column":32},"end":{"line":128,"column":null}},"43":{"start":{"line":120,"column":37},"end":{"line":120,"column":114}},"44":{"start":{"line":121,"column":37},"end":{"line":121,"column":114}},"45":{"start":{"line":123,"column":42},"end":{"line":123,"column":82}},"46":{"start":{"line":124,"column":42},"end":{"line":124,"column":82}},"47":{"start":{"line":126,"column":16},"end":{"line":126,"column":102}},"48":{"start":{"line":127,"column":16},"end":{"line":127,"column":66}},"49":{"start":{"line":131,"column":8},"end":{"line":141,"column":11}},"50":{"start":{"line":134,"column":32},"end":{"line":140,"column":null}},"51":{"start":{"line":135,"column":35},"end":{"line":135,"column":71}},"52":{"start":{"line":136,"column":16},"end":{"line":139,"column":null}},"53":{"start":{"line":137,"column":20},"end":{"line":137,"column":88}},"54":{"start":{"line":138,"column":20},"end":{"line":138,"column":105}},"55":{"start":{"line":143,"column":8},"end":{"line":153,"column":11}},"56":{"start":{"line":146,"column":32},"end":{"line":152,"column":null}},"57":{"start":{"line":147,"column":35},"end":{"line":147,"column":71}},"58":{"start":{"line":148,"column":16},"end":{"line":151,"column":null}},"59":{"start":{"line":149,"column":20},"end":{"line":149,"column":88}},"60":{"start":{"line":150,"column":20},"end":{"line":150,"column":106}},"61":{"start":{"line":155,"column":8},"end":{"line":165,"column":11}},"62":{"start":{"line":158,"column":32},"end":{"line":164,"column":null}},"63":{"start":{"line":159,"column":33},"end":{"line":159,"column":110}},"64":{"start":{"line":160,"column":16},"end":{"line":162,"column":null}},"65":{"start":{"line":161,"column":20},"end":{"line":161,"column":99}},"66":{"start":{"line":163,"column":16},"end":{"line":163,"column":94}},"67":{"start":{"line":167,"column":8},"end":{"line":177,"column":11}},"68":{"start":{"line":170,"column":32},"end":{"line":176,"column":null}},"69":{"start":{"line":171,"column":33},"end":{"line":171,"column":110}},"70":{"start":{"line":172,"column":16},"end":{"line":174,"column":null}},"71":{"start":{"line":173,"column":20},"end":{"line":173,"column":99}},"72":{"start":{"line":175,"column":16},"end":{"line":175,"column":95}},"73":{"start":{"line":179,"column":8},"end":{"line":185,"column":11}},"74":{"start":{"line":182,"column":32},"end":{"line":184,"column":null}},"75":{"start":{"line":183,"column":16},"end":{"line":183,"column":40}},"76":{"start":{"line":187,"column":8},"end":{"line":199,"column":11}},"77":{"start":{"line":190,"column":48},"end":{"line":198,"column":null}},"78":{"start":{"line":191,"column":16},"end":{"line":194,"column":null}},"79":{"start":{"line":192,"column":43},"end":{"line":192,"column":82}},"80":{"start":{"line":193,"column":20},"end":{"line":193,"column":49}},"81":{"start":{"line":195,"column":16},"end":{"line":195,"column":59}},"82":{"start":{"line":197,"column":16},"end":{"line":197,"column":62}},"83":{"start":{"line":203,"column":8},"end":{"line":241,"column":11}},"84":{"start":{"line":245,"column":8},"end":{"line":245,"column":118}}},"fnMap":{"0":{"name":"(anonymous_7)","decl":{"start":{"line":15,"column":13},"end":{"line":15,"column":null}},"loc":{"start":{"line":15,"column":13},"end":{"line":246,"column":null}}},"1":{"name":"(anonymous_9)","decl":{"start":{"line":78,"column":48},"end":{"line":78,"column":55}},"loc":{"start":{"line":78,"column":104},"end":{"line":83,"column":null}}},"2":{"name":"(anonymous_10)","decl":{"start":{"line":78,"column":104},"end":{"line":78,"column":null}},"loc":{"start":{"line":78,"column":104},"end":{"line":83,"column":9}}},"3":{"name":"(anonymous_11)","decl":{"start":{"line":85,"column":44},"end":{"line":85,"column":51}},"loc":{"start":{"line":85,"column":77},"end":{"line":88,"column":null}}},"4":{"name":"(anonymous_12)","decl":{"start":{"line":85,"column":77},"end":{"line":85,"column":null}},"loc":{"start":{"line":85,"column":77},"end":{"line":88,"column":9}}},"5":{"name":"(anonymous_13)","decl":{"start":{"line":95,"column":21},"end":{"line":95,"column":30}},"loc":{"start":{"line":95,"column":32},"end":{"line":97,"column":null}}},"6":{"name":"(anonymous_14)","decl":{"start":{"line":95,"column":32},"end":{"line":95,"column":null}},"loc":{"start":{"line":95,"column":32},"end":{"line":97,"column":13}}},"7":{"name":"(anonymous_15)","decl":{"start":{"line":103,"column":21},"end":{"line":103,"column":30}},"loc":{"start":{"line":103,"column":32},"end":{"line":105,"column":null}}},"8":{"name":"(anonymous_16)","decl":{"start":{"line":103,"column":32},"end":{"line":103,"column":null}},"loc":{"start":{"line":103,"column":32},"end":{"line":105,"column":13}}},"9":{"name":"(anonymous_17)","decl":{"start":{"line":111,"column":21},"end":{"line":111,"column":30}},"loc":{"start":{"line":111,"column":32},"end":{"line":113,"column":null}}},"10":{"name":"(anonymous_18)","decl":{"start":{"line":111,"column":32},"end":{"line":111,"column":null}},"loc":{"start":{"line":111,"column":32},"end":{"line":113,"column":13}}},"11":{"name":"(anonymous_19)","decl":{"start":{"line":119,"column":21},"end":{"line":119,"column":30}},"loc":{"start":{"line":119,"column":32},"end":{"line":128,"column":null}}},"12":{"name":"(anonymous_20)","decl":{"start":{"line":119,"column":32},"end":{"line":119,"column":null}},"loc":{"start":{"line":119,"column":32},"end":{"line":128,"column":13}}},"13":{"name":"(anonymous_21)","decl":{"start":{"line":134,"column":21},"end":{"line":134,"column":30}},"loc":{"start":{"line":134,"column":32},"end":{"line":140,"column":null}}},"14":{"name":"(anonymous_22)","decl":{"start":{"line":134,"column":32},"end":{"line":134,"column":null}},"loc":{"start":{"line":134,"column":32},"end":{"line":140,"column":13}}},"15":{"name":"(anonymous_23)","decl":{"start":{"line":146,"column":21},"end":{"line":146,"column":30}},"loc":{"start":{"line":146,"column":32},"end":{"line":152,"column":null}}},"16":{"name":"(anonymous_24)","decl":{"start":{"line":146,"column":32},"end":{"line":146,"column":null}},"loc":{"start":{"line":146,"column":32},"end":{"line":152,"column":13}}},"17":{"name":"(anonymous_25)","decl":{"start":{"line":158,"column":21},"end":{"line":158,"column":30}},"loc":{"start":{"line":158,"column":32},"end":{"line":164,"column":null}}},"18":{"name":"(anonymous_26)","decl":{"start":{"line":158,"column":32},"end":{"line":158,"column":null}},"loc":{"start":{"line":158,"column":32},"end":{"line":164,"column":13}}},"19":{"name":"(anonymous_27)","decl":{"start":{"line":170,"column":21},"end":{"line":170,"column":30}},"loc":{"start":{"line":170,"column":32},"end":{"line":176,"column":null}}},"20":{"name":"(anonymous_28)","decl":{"start":{"line":170,"column":32},"end":{"line":170,"column":null}},"loc":{"start":{"line":170,"column":32},"end":{"line":176,"column":13}}},"21":{"name":"(anonymous_29)","decl":{"start":{"line":182,"column":21},"end":{"line":182,"column":30}},"loc":{"start":{"line":182,"column":32},"end":{"line":184,"column":null}}},"22":{"name":"(anonymous_30)","decl":{"start":{"line":182,"column":32},"end":{"line":182,"column":null}},"loc":{"start":{"line":182,"column":32},"end":{"line":184,"column":13}}},"23":{"name":"(anonymous_31)","decl":{"start":{"line":190,"column":21},"end":{"line":190,"column":28}},"loc":{"start":{"line":190,"column":48},"end":{"line":198,"column":null}}},"24":{"name":"(anonymous_32)","decl":{"start":{"line":190,"column":48},"end":{"line":190,"column":null}},"loc":{"start":{"line":190,"column":48},"end":{"line":198,"column":13}}}},"branchMap":{"0":{"loc":{"start":{"line":80,"column":12},"end":{"line":82,"column":null}},"type":"if","locations":[{"start":{"line":80,"column":12},"end":{"line":82,"column":null}},{"start":{"line":80,"column":12},"end":{"line":82,"column":null}}]},"1":{"loc":{"start":{"line":123,"column":57},"end":{"line":123,"column":75}},"type":"cond-expr","locations":[{"start":{"line":123,"column":57},"end":{"line":123,"column":75}},{"start":{"line":123,"column":78},"end":{"line":123,"column":82}}]},"2":{"loc":{"start":{"line":124,"column":57},"end":{"line":124,"column":75}},"type":"cond-expr","locations":[{"start":{"line":124,"column":57},"end":{"line":124,"column":75}},{"start":{"line":124,"column":78},"end":{"line":124,"column":82}}]},"3":{"loc":{"start":{"line":136,"column":16},"end":{"line":139,"column":null}},"type":"if","locations":[{"start":{"line":136,"column":16},"end":{"line":139,"column":null}},{"start":{"line":136,"column":16},"end":{"line":139,"column":null}}]},"4":{"loc":{"start":{"line":148,"column":16},"end":{"line":151,"column":null}},"type":"if","locations":[{"start":{"line":148,"column":16},"end":{"line":151,"column":null}},{"start":{"line":148,"column":16},"end":{"line":151,"column":null}}]},"5":{"loc":{"start":{"line":160,"column":16},"end":{"line":162,"column":null}},"type":"if","locations":[{"start":{"line":160,"column":16},"end":{"line":162,"column":null}},{"start":{"line":160,"column":16},"end":{"line":162,"column":null}}]},"6":{"loc":{"start":{"line":172,"column":16},"end":{"line":174,"column":null}},"type":"if","locations":[{"start":{"line":172,"column":16},"end":{"line":174,"column":null}},{"start":{"line":172,"column":16},"end":{"line":174,"column":null}}]},"7":{"loc":{"start":{"line":191,"column":16},"end":{"line":194,"column":null}},"type":"if","locations":[{"start":{"line":191,"column":16},"end":{"line":194,"column":null}},{"start":{"line":191,"column":16},"end":{"line":194,"column":null}}]}},"s":{"0":0,"1":0,"2":0,"3":0,"4":0,"5":0,"6":0,"7":0,"8":0,"9":0,"10":0,"11":0,"12":0,"13":0,"14":0,"15":0,"16":0,"17":0,"18":0,"19":0,"20":0,"21":0,"22":0,"23":0,"24":0,"25":0,"26":0,"27":0,"28":0,"29":0,"30":0,"31":0,"32":0,"33":0,"34":0,"35":0,"36":0,"37":0,"38":0,"39":0,"40":0,"41":0,"42":0,"43":0,"44":0,"45":0,"46":0,"47":0,"48":0,"49":0,"50":0,"51":0,"52":0,"53":0,"54":0,"55":0,"56":0,"57":0,"58":0,"59":0,"60":0,"61":0,"62":0,"63":0,"64":0,"65":0,"66":0,"67":0,"68":0,"69":0,"70":0,"71":0,"72":0,"73":0,"74":0,"75":0,"76":0,"77":0,"78":0,"79":0,"80":0,"81":0,"82":0,"83":0,"84":0},"f":{"0":0,"1":0,"2":0,"3":0,"4":0,"5":0,"6":0,"7":0,"8":0,"9":0,"10":0,"11":0,"12":0,"13":0,"14":0,"15":0,"16":0,"17":0,"18":0,"19":0,"20":0,"21":0,"22":0,"23":0,"24":0},"b":{"0":[0,0],"1":[0,0],"2":[0,0],"3":[0,0],"4":[0,0],"5":[0,0],"6":[0,0],"7":[0,0]}}
,"/home/runner/work/plugin-templates/plugin-templates/src/legacyTemplates.ts": {"path":"/home/runner/work/plugin-templates/plugin-templates/src/legacyTemplates.ts","statementMap":{"0":{"start":{"line":1,"column":0},"end":{"line":1,"column":25}},"1":{"start":{"line":3,"column":0},"end":{"line":3,"column":47}},"2":{"start":{"line":4,"column":0},"end":{"line":4,"column":66}},"3":{"start":{"line":7,"column":4},"end":{"line":14,"column":165}},"4":{"start":{"line":16,"column":30},"end":{"line":19,"column":null}},"5":{"start":{"line":16,"column":81},"end":{"line":19,"column":null}},"6":{"start":{"line":17,"column":24},"end":{"line":17,"column":93}},"7":{"start":{"line":18,"column":4},"end":{"line":18,"column":37}},"8":{"start":{"line":21,"column":24},"end":{"line":23,"column":null}},"9":{"start":{"line":21,"column":52},"end":{"line":23,"column":null}},"10":{"start":{"line":22,"column":4},"end":{"line":22,"column":53}},"11":{"start":{"line":25,"column":13},"end":{"line":59,"column":null}},"12":{"start":{"line":25,"column":115},"end":{"line":59,"column":null}},"13":{"start":{"line":26,"column":15},"end":{"line":26,"column":41}},"14":{"start":{"line":28,"column":19},"end":{"line":28,"column":23}},"15":{"start":{"line":29,"column":25},"end":{"line":29,"column":29}},"16":{"start":{"line":31,"column":25},"end":{"line":31,"column":50}},"17":{"start":{"line":33,"column":4},"end":{"line":54,"column":null}},"18":{"start":{"line":34,"column":8},"end":{"line":53,"column":null}},"19":{"start":{"line":35,"column":38},"end":{"line":35,"column":68}},"20":{"start":{"line":36,"column":12},"end":{"line":50,"column":null}},"21":{"start":{"line":37,"column":36},"end":{"line":37,"column":68}},"22":{"start":{"line":38,"column":16},"end":{"line":49,"column":null}},"23":{"start":{"line":39,"column":20},"end":{"line":39,"column":92}},"24":{"start":{"line":39,"column":35},"end":{"line":39,"column":92}},"25":{"start":{"line":40,"column":20},"end":{"line":40,"column":82}},"26":{"start":{"line":40,"column":41},"end":{"line":40,"column":82}},"27":{"start":{"line":42,"column":41},"end":{"line":42,"column":80}},"28":{"start":{"line":44,"column":33},"end":{"line":44,"column":137}},"29":{"start":{"line":45,"column":20},"end":{"line":45,"column":66}},"30":{"start":{"line":47,"column":36},"end":{"line":47,"column":56}},"31":{"start":{"line":48,"column":20},"end":{"line":48,"column":58}},"32":{"start":{"line":52,"column":12},"end":{"line":52,"column":71}},"33":{"start":{"line":56,"column":4},"end":{"line":58,"column":null}},"34":{"start":{"line":57,"column":8},"end":{"line":57,"column":109}}},"fnMap":{"0":{"name":"(anonymous_7)","decl":{"start":{"line":16,"column":30},"end":{"line":16,"column":37}},"loc":{"start":{"line":16,"column":81},"end":{"line":19,"column":null}}},"1":{"name":"(anonymous_8)","decl":{"start":{"line":16,"column":81},"end":{"line":16,"column":null}},"loc":{"start":{"line":16,"column":81},"end":{"line":19,"column":1}}},"2":{"name":"(anonymous_9)","decl":{"start":{"line":21,"column":24},"end":{"line":21,"column":50}},"loc":{"start":{"line":21,"column":52},"end":{"line":23,"column":null}}},"3":{"name":"(anonymous_10)","decl":{"start":{"line":21,"column":52},"end":{"line":21,"column":null}},"loc":{"start":{"line":21,"column":52},"end":{"line":23,"column":1}}},"4":{"name":"(anonymous_11)","decl":{"start":{"line":25,"column":35},"end":{"line":25,"column":42}},"loc":{"start":{"line":25,"column":115},"end":{"line":59,"column":null}}},"5":{"name":"(anonymous_12)","decl":{"start":{"line":25,"column":115},"end":{"line":25,"column":null}},"loc":{"start":{"line":25,"column":115},"end":{"line":59,"column":1}}}},"branchMap":{"0":{"loc":{"start":{"line":33,"column":4},"end":{"line":54,"column":null}},"type":"if","locations":[{"start":{"line":33,"column":4},"end":{"line":54,"column":null}},{"start":{"line":33,"column":4},"end":{"line":54,"column":null}}]},"1":{"loc":{"start":{"line":38,"column":16},"end":{"line":49,"column":null}},"type":"if","locations":[{"start":{"line":38,"column":16},"end":{"line":49,"column":null}},{"start":{"line":38,"column":16},"end":{"line":49,"column":null}}]},"2":{"loc":{"start":{"line":38,"column":20},"end":{"line":38,"column":47}},"type":"binary-expr","locations":[{"start":{"line":38,"column":20},"end":{"line":38,"column":47}},{"start":{"line":38,"column":51},"end":{"line":38,"column":88}}]},"3":{"loc":{"start":{"line":39,"column":20},"end":{"line":39,"column":92}},"type":"if","locations":[{"start":{"line":39,"column":20},"end":{"line":39,"column":92}},{"start":{"line":39,"column":20},"end":{"line":39,"column":92}}]},"4":{"loc":{"start":{"line":40,"column":20},"end":{"line":40,"column":82}},"type":"if","locations":[{"start":{"line":40,"column":20},"end":{"line":40,"column":82}},{"start":{"line":40,"column":20},"end":{"line":40,"column":82}}]},"5":{"loc":{"start":{"line":56,"column":4},"end":{"line":58,"column":null}},"type":"if","locations":[{"start":{"line":56,"column":4},"end":{"line":58,"column":null}},{"start":{"line":56,"column":4},"end":{"line":58,"column":null}}]}},"s":{"0":0,"1":0,"2":0,"3":0,"4":0,"5":0,"6":0,"7":0,"8":0,"9":0,"10":0,"11":0,"12":0,"13":0,"14":0,"15":0,"16":0,"17":0,"18":0,"19":0,"20":0,"21":0,"22":0,"23":0,"24":0,"25":0,"26":0,"27":0,"28":0,"29":0,"30":0,"31":0,"32":0,"33":0,"34":0},"f":{"0":0,"1":0,"2":0,"3":0,"4":0,"5":0},"b":{"0":[0,0],"1":[0,0],"2":[0,0],"3":[0,0],"4":[0,0],"5":[0,0]}}
,"/home/runner/work/plugin-templates/plugin-templates/src/logger.ts": {"path":"/home/runner/work/plugin-templates/plugin-templates/src/logger.ts","statementMap":{"0":{"start":{"line":1,"column":0},"end":{"line":1,"column":25}},"1":{"start":{"line":3,"column":11},"end":{"line":3,"column":37}},"2":{"start":{"line":9,"column":8},"end":{"line":9,"column":59}},"3":{"start":{"line":13,"column":8},"end":{"line":13,"column":94}},"4":{"start":{"line":5,"column":0},"end":{"line":5,"column":13}}},"fnMap":{"0":{"name":"(anonymous_7)","decl":{"start":{"line":8,"column":4},"end":{"line":8,"column":16}},"loc":{"start":{"line":8,"column":34},"end":{"line":10,"column":5}}},"1":{"name":"(anonymous_8)","decl":{"start":{"line":12,"column":17},"end":{"line":12,"column":20}},"loc":{"start":{"line":12,"column":36},"end":{"line":14,"column":null}}}},"branchMap":{},"s":{"0":1,"1":1,"2":1,"3":0,"4":1},"f":{"0":1,"1":0},"b":{}}
,"/home/runner/work/plugin-templates/plugin-templates/src/parser.ts": {"path":"/home/runner/work/plugin-templates/plugin-templates/src/parser.ts","statementMap":{"0":{"start":{"line":1,"column":0},"end":{"line":1,"column":25}},"1":{"start":{"line":2,"column":0},"end":{"line":2,"column":57}},"2":{"start":{"line":5,"column":0},"end":{"line":5,"column":50}},"3":{"start":{"line":7,"column":0},"end":{"line":7,"column":63}},"4":{"start":{"line":9,"column":0},"end":{"line":9,"column":69}},"5":{"start":{"line":10,"column":0},"end":{"line":10,"column":42}},"6":{"start":{"line":16,"column":20},"end":{"line":16,"column":43}},"7":{"start":{"line":25,"column":33},"end":{"line":25,"column":49}},"8":{"start":{"line":26,"column":32},"end":{"line":26,"column":47}},"9":{"start":{"line":27,"column":34},"end":{"line":27,"column":53}},"10":{"start":{"line":33,"column":12},"end":{"line":33,"column":114}},"11":{"start":{"line":36,"column":8},"end":{"line":36,"column":38}},"12":{"start":{"line":37,"column":8},"end":{"line":37,"column":39}},"13":{"start":{"line":38,"column":8},"end":{"line":38,"column":29}},"14":{"start":{"line":42,"column":8},"end":{"line":48,"column":null}},"15":{"start":{"line":52,"column":31},"end":{"line":52,"column":33}},"16":{"start":{"line":53,"column":8},"end":{"line":55,"column":11}},"17":{"start":{"line":54,"column":12},"end":{"line":54,"column":122}},"18":{"start":{"line":56,"column":8},"end":{"line":56,"column":30}},"19":{"start":{"line":60,"column":8},"end":{"line":67,"column":null}},"20":{"start":{"line":61,"column":12},"end":{"line":66,"column":null}},"21":{"start":{"line":62,"column":37},"end":{"line":62,"column":76}},"22":{"start":{"line":63,"column":16},"end":{"line":63,"column":33}},"23":{"start":{"line":65,"column":16},"end":{"line":65,"column":221}},"24":{"start":{"line":71,"column":8},"end":{"line":73,"column":null}},"25":{"start":{"line":72,"column":12},"end":{"line":72,"column":22}},"26":{"start":{"line":75,"column":8},"end":{"line":75,"column":56}},"27":{"start":{"line":77,"column":64},"end":{"line":77,"column":66}},"28":{"start":{"line":78,"column":8},"end":{"line":80,"column":11}},"29":{"start":{"line":79,"column":12},"end":{"line":79,"column":109}},"30":{"start":{"line":82,"column":8},"end":{"line":82,"column":76}},"31":{"start":{"line":83,"column":32},"end":{"line":83,"column":76}},"32":{"start":{"line":85,"column":8},"end":{"line":87,"column":null}},"33":{"start":{"line":86,"column":12},"end":{"line":86,"column":24}},"34":{"start":{"line":95,"column":8},"end":{"line":105,"column":null}},"35":{"start":{"line":96,"column":12},"end":{"line":96,"column":61}},"36":{"start":{"line":98,"column":12},"end":{"line":98,"column":89}},"37":{"start":{"line":99,"column":12},"end":{"line":99,"column":74}},"38":{"start":{"line":101,"column":29},"end":{"line":101,"column":230}},"39":{"start":{"line":102,"column":12},"end":{"line":102,"column":37}},"40":{"start":{"line":104,"column":12},"end":{"line":104,"column":33}},"41":{"start":{"line":107,"column":8},"end":{"line":107,"column":78}},"42":{"start":{"line":111,"column":44},"end":{"line":111,"column":46}},"43":{"start":{"line":112,"column":21},"end":{"line":114,"column":null}},"44":{"start":{"line":117,"column":8},"end":{"line":124,"column":null}},"45":{"start":{"line":118,"column":12},"end":{"line":120,"column":null}},"46":{"start":{"line":119,"column":16},"end":{"line":119,"column":111}},"47":{"start":{"line":122,"column":33},"end":{"line":122,"column":79}},"48":{"start":{"line":123,"column":12},"end":{"line":123,"column":50}},"49":{"start":{"line":126,"column":8},"end":{"line":126,"column":19}},"50":{"start":{"line":130,"column":21},"end":{"line":134,"column":10}},"51":{"start":{"line":136,"column":8},"end":{"line":138,"column":null}},"52":{"start":{"line":137,"column":12},"end":{"line":137,"column":74}},"53":{"start":{"line":140,"column":8},"end":{"line":142,"column":null}},"54":{"start":{"line":141,"column":12},"end":{"line":141,"column":124}},"55":{"start":{"line":141,"column":92},"end":{"line":141,"column":100}},"56":{"start":{"line":141,"column":114},"end":{"line":141,"column":122}},"57":{"start":{"line":144,"column":8},"end":{"line":151,"column":null}},"58":{"start":{"line":145,"column":29},"end":{"line":145,"column":85}},"59":{"start":{"line":146,"column":12},"end":{"line":150,"column":null}},"60":{"start":{"line":147,"column":16},"end":{"line":147,"column":39}},"61":{"start":{"line":149,"column":16},"end":{"line":149,"column":77}},"62":{"start":{"line":153,"column":8},"end":{"line":153,"column":20}},"63":{"start":{"line":162,"column":8},"end":{"line":162,"column":48}},"64":{"start":{"line":164,"column":44},"end":{"line":185,"column":9}},"65":{"start":{"line":165,"column":29},"end":{"line":165,"column":53}},"66":{"start":{"line":167,"column":12},"end":{"line":169,"column":null}},"67":{"start":{"line":168,"column":16},"end":{"line":168,"column":28}},"68":{"start":{"line":171,"column":46},"end":{"line":177,"column":35}},"69":{"start":{"line":172,"column":16},"end":{"line":176,"column":null}},"70":{"start":{"line":173,"column":20},"end":{"line":173,"column":33}},"71":{"start":{"line":175,"column":20},"end":{"line":175,"column":32}},"72":{"start":{"line":177,"column":29},"end":{"line":177,"column":34}},"73":{"start":{"line":179,"column":12},"end":{"line":181,"column":null}},"74":{"start":{"line":180,"column":16},"end":{"line":180,"column":28}},"75":{"start":{"line":183,"column":34},"end":{"line":183,"column":62}},"76":{"start":{"line":184,"column":12},"end":{"line":184,"column":67}},"77":{"start":{"line":187,"column":29},"end":{"line":210,"column":9}},"78":{"start":{"line":188,"column":12},"end":{"line":207,"column":null}},"79":{"start":{"line":190,"column":32},"end":{"line":190,"column":79}},"80":{"start":{"line":191,"column":32},"end":{"line":191,"column":63}},"81":{"start":{"line":192,"column":16},"end":{"line":194,"column":null}},"82":{"start":{"line":193,"column":20},"end":{"line":193,"column":29}},"83":{"start":{"line":196,"column":35},"end":{"line":196,"column":45}},"84":{"start":{"line":199,"column":16},"end":{"line":201,"column":null}},"85":{"start":{"line":200,"column":20},"end":{"line":200,"column":29}},"86":{"start":{"line":203,"column":33},"end":{"line":203,"column":54}},"87":{"start":{"line":204,"column":38},"end":{"line":204,"column":95}},"88":{"start":{"line":206,"column":16},"end":{"line":206,"column":87}},"89":{"start":{"line":209,"column":12},"end":{"line":209,"column":36}},"90":{"start":{"line":212,"column":39},"end":{"line":212,"column":68}},"91":{"start":{"line":213,"column":8},"end":{"line":215,"column":null}},"92":{"start":{"line":214,"column":12},"end":{"line":214,"column":32}},"93":{"start":{"line":217,"column":37},"end":{"line":217,"column":144}},"94":{"start":{"line":218,"column":8},"end":{"line":218,"column":101}},"95":{"start":{"line":220,"column":8},"end":{"line":220,"column":68}},"96":{"start":{"line":224,"column":8},"end":{"line":226,"column":null}},"97":{"start":{"line":225,"column":12},"end":{"line":225,"column":24}},"98":{"start":{"line":228,"column":8},"end":{"line":228,"column":67}},"99":{"start":{"line":230,"column":8},"end":{"line":277,"column":null}},"100":{"start":{"line":231,"column":12},"end":{"line":231,"column":54}},"101":{"start":{"line":233,"column":38},"end":{"line":233,"column":64}},"102":{"start":{"line":234,"column":38},"end":{"line":234,"column":66}},"103":{"start":{"line":236,"column":36},"end":{"line":236,"column":38}},"104":{"start":{"line":237,"column":37},"end":{"line":239,"column":14}},"105":{"start":{"line":241,"column":12},"end":{"line":247,"column":null}},"106":{"start":{"line":242,"column":16},"end":{"line":246,"column":null}},"107":{"start":{"line":243,"column":20},"end":{"line":243,"column":77}},"108":{"start":{"line":245,"column":20},"end":{"line":245,"column":76}},"109":{"start":{"line":249,"column":35},"end":{"line":249,"column":96}},"110":{"start":{"line":250,"column":12},"end":{"line":252,"column":null}},"111":{"start":{"line":251,"column":16},"end":{"line":251,"column":28}},"112":{"start":{"line":254,"column":43},"end":{"line":254,"column":103}},"113":{"start":{"line":255,"column":32},"end":{"line":255,"column":82}},"114":{"start":{"line":258,"column":12},"end":{"line":258,"column":62}},"115":{"start":{"line":260,"column":25},"end":{"line":263,"column":null}},"116":{"start":{"line":266,"column":33},"end":{"line":266,"column":55}},"117":{"start":{"line":267,"column":37},"end":{"line":267,"column":69}},"118":{"start":{"line":269,"column":12},"end":{"line":271,"column":null}},"119":{"start":{"line":274,"column":12},"end":{"line":274,"column":61}},"120":{"start":{"line":275,"column":12},"end":{"line":275,"column":141}},"121":{"start":{"line":276,"column":12},"end":{"line":276,"column":24}},"122":{"start":{"line":29,"column":0},"end":{"line":29,"column":13}}},"fnMap":{"0":{"name":"(anonymous_7)","decl":{"start":{"line":35,"column":4},"end":{"line":35,"column":16}},"loc":{"start":{"line":35,"column":92},"end":{"line":39,"column":5}}},"1":{"name":"(anonymous_8)","decl":{"start":{"line":41,"column":12},"end":{"line":41,"column":29}},"loc":{"start":{"line":41,"column":29},"end":{"line":49,"column":5}}},"2":{"name":"(anonymous_9)","decl":{"start":{"line":51,"column":12},"end":{"line":51,"column":38}},"loc":{"start":{"line":51,"column":120},"end":{"line":57,"column":5}}},"3":{"name":"(anonymous_10)","decl":{"start":{"line":53,"column":34},"end":{"line":53,"column":46}},"loc":{"start":{"line":53,"column":49},"end":{"line":55,"column":9}}},"4":{"name":"(anonymous_11)","decl":{"start":{"line":59,"column":12},"end":{"line":59,"column":30}},"loc":{"start":{"line":59,"column":54},"end":{"line":68,"column":5}}},"5":{"name":"(anonymous_12)","decl":{"start":{"line":70,"column":18},"end":{"line":70,"column":35}},"loc":{"start":{"line":70,"column":85},"end":{"line":108,"column":null}}},"6":{"name":"(anonymous_14)","decl":{"start":{"line":78,"column":35},"end":{"line":78,"column":47}},"loc":{"start":{"line":78,"column":50},"end":{"line":80,"column":9}}},"7":{"name":"(anonymous_15)","decl":{"start":{"line":110,"column":12},"end":{"line":110,"column":33}},"loc":{"start":{"line":110,"column":121},"end":{"line":127,"column":5}}},"8":{"name":"(anonymous_16)","decl":{"start":{"line":129,"column":18},"end":{"line":129,"column":33}},"loc":{"start":{"line":129,"column":80},"end":{"line":154,"column":null}}},"9":{"name":"(anonymous_18)","decl":{"start":{"line":141,"column":87},"end":{"line":141,"column":88}},"loc":{"start":{"line":141,"column":92},"end":{"line":141,"column":100}}},"10":{"name":"(anonymous_19)","decl":{"start":{"line":141,"column":109},"end":{"line":141,"column":110}},"loc":{"start":{"line":141,"column":114},"end":{"line":141,"column":122}}},"11":{"name":"(anonymous_20)","decl":{"start":{"line":156,"column":12},"end":{"line":156,"column":34}},"loc":{"start":{"line":156,"column":55},"end":{"line":221,"column":5}}},"12":{"name":"(anonymous_21)","decl":{"start":{"line":164,"column":44},"end":{"line":164,"column":47}},"loc":{"start":{"line":164,"column":49},"end":{"line":185,"column":9}}},"13":{"name":"(anonymous_22)","decl":{"start":{"line":171,"column":59},"end":{"line":171,"column":60}},"loc":{"start":{"line":171,"column":74},"end":{"line":177,"column":13}}},"14":{"name":"(anonymous_23)","decl":{"start":{"line":177,"column":22},"end":{"line":177,"column":25}},"loc":{"start":{"line":177,"column":29},"end":{"line":177,"column":34}}},"15":{"name":"(anonymous_24)","decl":{"start":{"line":187,"column":29},"end":{"line":187,"column":30}},"loc":{"start":{"line":187,"column":80},"end":{"line":210,"column":9}}},"16":{"name":"(anonymous_25)","decl":{"start":{"line":223,"column":17},"end":{"line":223,"column":30}},"loc":{"start":{"line":223,"column":52},"end":{"line":278,"column":null}}}},"branchMap":{"0":{"loc":{"start":{"line":71,"column":8},"end":{"line":73,"column":null}},"type":"if","locations":[{"start":{"line":71,"column":8},"end":{"line":73,"column":null}},{"start":{"line":71,"column":8},"end":{"line":73,"column":null}}]},"1":{"loc":{"start":{"line":85,"column":8},"end":{"line":87,"column":null}},"type":"if","locations":[{"start":{"line":85,"column":8},"end":{"line":87,"column":null}},{"start":{"line":85,"column":8},"end":{"line":87,"column":null}}]},"2":{"loc":{"start":{"line":118,"column":12},"end":{"line":120,"column":null}},"type":"if","locations":[{"start":{"line":118,"column":12},"end":{"line":120,"column":null}},{"start":{"line":118,"column":12},"end":{"line":120,"column":null}}]},"3":{"loc":{"start":{"line":136,"column":8},"end":{"line":138,"column":null}},"type":"if","locations":[{"start":{"line":136,"column":8},"end":{"line":138,"column":null}},{"start":{"line":136,"column":8},"end":{"line":138,"column":null}}]},"4":{"loc":{"start":{"line":140,"column":8},"end":{"line":142,"column":null}},"type":"if","locations":[{"start":{"line":140,"column":8},"end":{"line":142,"column":null}},{"start":{"line":140,"column":8},"end":{"line":142,"column":null}}]},"5":{"loc":{"start":{"line":144,"column":8},"end":{"line":151,"column":null}},"type":"if","locations":[{"start":{"line":144,"column":8},"end":{"line":151,"column":null}},{"start":{"line":144,"column":8},"end":{"line":151,"column":null}}]},"6":{"loc":{"start":{"line":146,"column":12},"end":{"line":150,"column":null}},"type":"if","locations":[{"start":{"line":146,"column":12},"end":{"line":150,"column":null}},{"start":{"line":146,"column":12},"end":{"line":150,"column":null}}]},"7":{"loc":{"start":{"line":167,"column":12},"end":{"line":169,"column":null}},"type":"if","locations":[{"start":{"line":167,"column":12},"end":{"line":169,"column":null}},{"start":{"line":167,"column":12},"end":{"line":169,"column":null}}]},"8":{"loc":{"start":{"line":167,"column":16},"end":{"line":167,"column":37}},"type":"binary-expr","locations":[{"start":{"line":167,"column":16},"end":{"line":167,"column":37}},{"start":{"line":167,"column":41},"end":{"line":167,"column":62}}]},"9":{"loc":{"start":{"line":172,"column":16},"end":{"line":176,"column":null}},"type":"if","locations":[{"start":{"line":172,"column":16},"end":{"line":176,"column":null}},{"start":{"line":172,"column":16},"end":{"line":176,"column":null}}]},"10":{"loc":{"start":{"line":172,"column":20},"end":{"line":172,"column":25}},"type":"binary-expr","locations":[{"start":{"line":172,"column":20},"end":{"line":172,"column":25}},{"start":{"line":172,"column":29},"end":{"line":172,"column":42}}]},"11":{"loc":{"start":{"line":179,"column":12},"end":{"line":181,"column":null}},"type":"if","locations":[{"start":{"line":179,"column":12},"end":{"line":181,"column":null}},{"start":{"line":179,"column":12},"end":{"line":181,"column":null}}]},"12":{"loc":{"start":{"line":192,"column":16},"end":{"line":194,"column":null}},"type":"if","locations":[{"start":{"line":192,"column":16},"end":{"line":194,"column":null}},{"start":{"line":192,"column":16},"end":{"line":194,"column":null}}]},"13":{"loc":{"start":{"line":199,"column":16},"end":{"line":201,"column":null}},"type":"if","locations":[{"start":{"line":199,"column":16},"end":{"line":201,"column":null}},{"start":{"line":199,"column":16},"end":{"line":201,"column":null}}]},"14":{"loc":{"start":{"line":213,"column":8},"end":{"line":215,"column":null}},"type":"if","locations":[{"start":{"line":213,"column":8},"end":{"line":215,"column":null}},{"start":{"line":213,"column":8},"end":{"line":215,"column":null}}]},"15":{"loc":{"start":{"line":224,"column":8},"end":{"line":226,"column":null}},"type":"if","locations":[{"start":{"line":224,"column":8},"end":{"line":226,"column":null}},{"start":{"line":224,"column":8},"end":{"line":226,"column":null}}]},"16":{"loc":{"start":{"line":242,"column":16},"end":{"line":246,"column":null}},"type":"if","locations":[{"start":{"line":242,"column":16},"end":{"line":246,"column":null}},{"start":{"line":242,"column":16},"end":{"line":246,"column":null}}]},"17":{"loc":{"start":{"line":250,"column":12},"end":{"line":252,"column":null}},"type":"if","locations":[{"start":{"line":250,"column":12},"end":{"line":252,"column":null}},{"start":{"line":250,"column":12},"end":{"line":252,"column":null}}]}},"s":{"0":1,"1":1,"2":1,"3":1,"4":1,"5":1,"6":1,"7":1,"8":1,"9":1,"10":2,"11":2,"12":2,"13":2,"14":53,"15":20,"16":20,"17":38,"18":20,"19":22,"20":40,"21":40,"22":40,"23":1,"24":29,"25":7,"26":22,"27":21,"28":21,"29":39,"30":21,"31":21,"32":21,"33":1,"34":20,"35":20,"36":0,"37":0,"38":0,"39":0,"40":0,"41":20,"42":27,"43":27,"44":27,"45":32,"46":0,"47":32,"48":32,"49":27,"50":27,"51":27,"52":1,"53":27,"54":2,"55":5,"56":5,"57":27,"58":2,"59":2,"60":1,"61":1,"62":26,"63":30,"64":30,"65":30,"66":30,"67":6,"68":24,"69":234,"70":24,"71":210,"72":234,"73":24,"74":0,"75":24,"76":24,"77":30,"78":24,"79":72,"80":72,"81":72,"82":66,"83":6,"84":6,"85":0,"86":6,"87":6,"88":6,"89":24,"90":30,"91":30,"92":6,"93":24,"94":24,"95":24,"96":30,"97":0,"98":30,"99":30,"100":30,"101":30,"102":29,"103":29,"104":29,"105":29,"106":45,"107":5,"108":40,"109":29,"110":28,"111":1,"112":27,"113":27,"114":26,"115":26,"116":26,"117":26,"118":26,"119":14,"120":14,"121":14,"122":1},"f":{"0":2,"1":53,"2":20,"3":38,"4":22,"5":29,"6":39,"7":27,"8":27,"9":5,"10":5,"11":30,"12":30,"13":234,"14":234,"15":24,"16":30},"b":{"0":[7,22],"1":[1,20],"2":[0,32],"3":[1,26],"4":[2,25],"5":[2,25],"6":[1,1],"7":[6,24],"8":[30,30],"9":[24,210],"10":[234,210],"11":[0,24],"12":[66,6],"13":[0,6],"14":[6,24],"15":[0,30],"16":[5,40],"17":[1,27]}}
,"/home/runner/work/plugin-templates/plugin-templates/src/helpers/case.ts": {"path":"/home/runner/work/plugin-templates/plugin-templates/src/helpers/case.ts","statementMap":{"0":{"start":{"line":1,"column":0},"end":{"line":1,"column":68}},"1":{"start":{"line":3,"column":13},"end":{"line":16,"column":2}},"2":{"start":{"line":4,"column":4},"end":{"line":15,"column":7}},"3":{"start":{"line":5,"column":19},"end":{"line":5,"column":47}},"4":{"start":{"line":7,"column":8},"end":{"line":14,"column":null}},"5":{"start":{"line":9,"column":16},"end":{"line":9,"column":40}},"6":{"start":{"line":11,"column":16},"end":{"line":11,"column":40}},"7":{"start":{"line":13,"column":16},"end":{"line":13,"column":77}}},"fnMap":{"0":{"name":"(anonymous_0)","decl":{"start":{"line":3,"column":50},"end":{"line":3,"column":53}},"loc":{"start":{"line":3,"column":56},"end":{"line":16,"column":1}}},"1":{"name":"(anonymous_1)","decl":{"start":{"line":4,"column":40},"end":{"line":4,"column":41}},"loc":{"start":{"line":4,"column":64},"end":{"line":15,"column":5}}}},"branchMap":{"0":{"loc":{"start":{"line":8,"column":12},"end":{"line":9,"column":40}},"type":"switch","locations":[{"start":{"line":8,"column":12},"end":{"line":9,"column":40}},{"start":{"line":10,"column":12},"end":{"line":11,"column":40}},{"start":{"line":12,"column":12},"end":{"line":13,"column":77}}]}},"s":{"0":1,"1":1,"2":30,"3":4,"4":4,"5":2,"6":1,"7":1},"f":{"0":30,"1":4},"b":{"0":[2,1,1]}}
,"/home/runner/work/plugin-templates/plugin-templates/src/helpers/compare.ts": {"path":"/home/runner/work/plugin-templates/plugin-templates/src/helpers/compare.ts","statementMap":{"0":{"start":{"line":1,"column":0},"end":{"line":1,"column":68}},"1":{"start":{"line":3,"column":13},"end":{"line":42,"column":2}},"2":{"start":{"line":4,"column":4},"end":{"line":41,"column":7}},"3":{"start":{"line":5,"column":8},"end":{"line":40,"column":null}},"4":{"start":{"line":9,"column":16},"end":{"line":9,"column":34}},"5":{"start":{"line":13,"column":16},"end":{"line":13,"column":35}},"6":{"start":{"line":17,"column":16},"end":{"line":17,"column":34}},"7":{"start":{"line":21,"column":16},"end":{"line":21,"column":35}},"8":{"start":{"line":25,"column":16},"end":{"line":25,"column":33}},"9":{"start":{"line":29,"column":16},"end":{"line":29,"column":34}},"10":{"start":{"line":33,"column":16},"end":{"line":33,"column":33}},"11":{"start":{"line":37,"column":16},"end":{"line":37,"column":34}},"12":{"start":{"line":39,"column":16},"end":{"line":39,"column":94}}},"fnMap":{"0":{"name":"(anonymous_0)","decl":{"start":{"line":3,"column":53},"end":{"line":3,"column":56}},"loc":{"start":{"line":3,"column":59},"end":{"line":42,"column":1}}},"1":{"name":"(anonymous_1)","decl":{"start":{"line":4,"column":43},"end":{"line":4,"column":44}},"loc":{"start":{"line":4,"column":73},"end":{"line":41,"column":5}}}},"branchMap":{"0":{"loc":{"start":{"line":6,"column":12},"end":{"line":6,"column":22}},"type":"switch","locations":[{"start":{"line":6,"column":12},"end":{"line":6,"column":22}},{"start":{"line":7,"column":12},"end":{"line":7,"column":22}},{"start":{"line":8,"column":12},"end":{"line":9,"column":34}},{"start":{"line":10,"column":12},"end":{"line":10,"column":23}},{"start":{"line":11,"column":12},"end":{"line":11,"column":23}},{"start":{"line":12,"column":12},"end":{"line":13,"column":35}},{"start":{"line":14,"column":12},"end":{"line":14,"column":22}},{"start":{"line":15,"column":12},"end":{"line":15,"column":22}},{"start":{"line":16,"column":12},"end":{"line":17,"column":34}},{"start":{"line":18,"column":12},"end":{"line":18,"column":23}},{"start":{"line":19,"column":12},"end":{"line":19,"column":23}},{"start":{"line":20,"column":12},"end":{"line":21,"column":35}},{"start":{"line":22,"column":12},"end":{"line":22,"column":21}},{"start":{"line":23,"column":12},"end":{"line":23,"column":22}},{"start":{"line":24,"column":12},"end":{"line":25,"column":33}},{"start":{"line":26,"column":12},"end":{"line":26,"column":22}},{"start":{"line":27,"column":12},"end":{"line":27,"column":23}},{"start":{"line":28,"column":12},"end":{"line":29,"column":34}},{"start":{"line":30,"column":12},"end":{"line":30,"column":21}},{"start":{"line":31,"column":12},"end":{"line":31,"column":22}},{"start":{"line":32,"column":12},"end":{"line":33,"column":33}},{"start":{"line":34,"column":12},"end":{"line":34,"column":22}},{"start":{"line":35,"column":12},"end":{"line":35,"column":23}},{"start":{"line":36,"column":12},"end":{"line":37,"column":34}},{"start":{"line":38,"column":12},"end":{"line":39,"column":94}}]}},"s":{"0":1,"1":1,"2":30,"3":18,"4":7,"5":1,"6":3,"7":1,"8":1,"9":1,"10":2,"11":1,"12":1},"f":{"0":30,"1":18},"b":{"0":[7,7,7,1,1,1,3,3,3,1,1,1,1,1,1,1,1,1,2,2,2,1,1,1,1]}}
,"/home/runner/work/plugin-templates/plugin-templates/src/helpers/condition.ts": {"path":"/home/runner/work/plugin-templates/plugin-templates/src/helpers/condition.ts","statementMap":{"0":{"start":{"line":1,"column":0},"end":{"line":1,"column":68}},"1":{"start":{"line":3,"column":13},"end":{"line":19,"column":2}},"2":{"start":{"line":4,"column":4},"end":{"line":18,"column":7}},"3":{"start":{"line":5,"column":8},"end":{"line":17,"column":null}},"4":{"start":{"line":8,"column":16},"end":{"line":8,"column":27}},"5":{"start":{"line":11,"column":16},"end":{"line":11,"column":34}},"6":{"start":{"line":14,"column":16},"end":{"line":14,"column":34}},"7":{"start":{"line":16,"column":16},"end":{"line":16,"column":85}}},"fnMap":{"0":{"name":"(anonymous_0)","decl":{"start":{"line":3,"column":55},"end":{"line":3,"column":58}},"loc":{"start":{"line":3,"column":61},"end":{"line":19,"column":1}}},"1":{"name":"(anonymous_1)","decl":{"start":{"line":4,"column":45},"end":{"line":4,"column":46}},"loc":{"start":{"line":4,"column":75},"end":{"line":18,"column":5}}}},"branchMap":{"0":{"loc":{"start":{"line":6,"column":12},"end":{"line":6,"column":21}},"type":"switch","locations":[{"start":{"line":6,"column":12},"end":{"line":6,"column":21}},{"start":{"line":7,"column":12},"end":{"line":8,"column":27}},{"start":{"line":9,"column":12},"end":{"line":9,"column":22}},{"start":{"line":10,"column":12},"end":{"line":11,"column":34}},{"start":{"line":12,"column":12},"end":{"line":12,"column":22}},{"start":{"line":13,"column":12},"end":{"line":14,"column":34}},{"start":{"line":15,"column":12},"end":{"line":16,"column":85}}]},"1":{"loc":{"start":{"line":11,"column":24},"end":{"line":11,"column":26}},"type":"binary-expr","locations":[{"start":{"line":11,"column":24},"end":{"line":11,"column":26}},{"start":{"line":11,"column":30},"end":{"line":11,"column":32}}]},"2":{"loc":{"start":{"line":14,"column":24},"end":{"line":14,"column":26}},"type":"binary-expr","locations":[{"start":{"line":14,"column":24},"end":{"line":14,"column":26}},{"start":{"line":14,"column":30},"end":{"line":14,"column":32}}]}},"s":{"0":1,"1":1,"2":30,"3":9,"4":3,"5":4,"6":1,"7":1},"f":{"0":30,"1":9},"b":{"0":[3,3,4,4,1,1,1],"1":[4,4],"2":[1,0]}}
,"/home/runner/work/plugin-templates/plugin-templates/src/helpers/context.ts": {"path":"/home/runner/work/plugin-templates/plugin-templates/src/helpers/context.ts","statementMap":{"0":{"start":{"line":7,"column":8},"end":{"line":7,"column":42}},"1":{"start":{"line":3,"column":0},"end":{"line":3,"column":13}}},"fnMap":{"0":{"name":"(anonymous_0)","decl":{"start":{"line":6,"column":4},"end":{"line":6,"column":16}},"loc":{"start":{"line":6,"column":43},"end":{"line":8,"column":5}}}},"branchMap":{},"s":{"0":30,"1":1},"f":{"0":30},"b":{}}
,"/home/runner/work/plugin-templates/plugin-templates/src/helpers/custom_datetime.ts": {"path":"/home/runner/work/plugin-templates/plugin-templates/src/helpers/custom_datetime.ts","statementMap":{"0":{"start":{"line":1,"column":0},"end":{"line":1,"column":68}},"1":{"start":{"line":3,"column":13},"end":{"line":7,"column":2}},"2":{"start":{"line":4,"column":4},"end":{"line":6,"column":7}},"3":{"start":{"line":5,"column":8},"end":{"line":5,"column":69}}},"fnMap":{"0":{"name":"(anonymous_0)","decl":{"start":{"line":3,"column":60},"end":{"line":3,"column":63}},"loc":{"start":{"line":3,"column":66},"end":{"line":7,"column":1}}},"1":{"name":"(anonymous_1)","decl":{"start":{"line":4,"column":51},"end":{"line":4,"column":52}},"loc":{"start":{"line":4,"column":63},"end":{"line":6,"column":5}}}},"branchMap":{},"s":{"0":1,"1":1,"2":30,"3":1},"f":{"0":30,"1":1},"b":{}}
,"/home/runner/work/plugin-templates/plugin-templates/src/helpers/datetime.ts": {"path":"/home/runner/work/plugin-templates/plugin-templates/src/helpers/datetime.ts","statementMap":{"0":{"start":{"line":1,"column":0},"end":{"line":1,"column":68}},"1":{"start":{"line":2,"column":0},"end":{"line":2,"column":94}},"2":{"start":{"line":3,"column":0},"end":{"line":3,"column":33}},"3":{"start":{"line":5,"column":15},"end":{"line":5,"column":23}},"4":{"start":{"line":6,"column":17},"end":{"line":6,"column":27}},"5":{"start":{"line":7,"column":17},"end":{"line":7,"column":27}},"6":{"start":{"line":8,"column":20},"end":{"line":8,"column":33}},"7":{"start":{"line":9,"column":21},"end":{"line":9,"column":35}},"8":{"start":{"line":10,"column":19},"end":{"line":10,"column":31}},"9":{"start":{"line":11,"column":20},"end":{"line":11,"column":33}},"10":{"start":{"line":12,"column":22},"end":{"line":12,"column":37}},"11":{"start":{"line":13,"column":22},"end":{"line":13,"column":37}},"12":{"start":{"line":15,"column":13},"end":{"line":94,"column":2}},"13":{"start":{"line":16,"column":42},"end":{"line":62,"column":6}},"14":{"start":{"line":64,"column":4},"end":{"line":93,"column":7}},"15":{"start":{"line":65,"column":23},"end":{"line":65,"column":50}},"16":{"start":{"line":66,"column":22},"end":{"line":66,"column":48}},"17":{"start":{"line":68,"column":20},"end":{"line":68,"column":48}},"18":{"start":{"line":70,"column":8},"end":{"line":75,"column":null}},"19":{"start":{"line":71,"column":31},"end":{"line":71,"column":126}},"20":{"start":{"line":72,"column":12},"end":{"line":72,"column":45}},"21":{"start":{"line":73,"column":12},"end":{"line":73,"column":47}},"22":{"start":{"line":74,"column":12},"end":{"line":74,"column":45}},"23":{"start":{"line":77,"column":8},"end":{"line":83,"column":null}},"24":{"start":{"line":78,"column":31},"end":{"line":78,"column":126}},"25":{"start":{"line":79,"column":12},"end":{"line":79,"column":47}},"26":{"start":{"line":80,"column":12},"end":{"line":80,"column":51}},"27":{"start":{"line":81,"column":12},"end":{"line":81,"column":34}},"28":{"start":{"line":82,"column":12},"end":{"line":82,"column":39}},"29":{"start":{"line":85,"column":8},"end":{"line":85,"column":55}},"30":{"start":{"line":86,"column":8},"end":{"line":86,"column":57}},"31":{"start":{"line":87,"column":8},"end":{"line":87,"column":53}},"32":{"start":{"line":88,"column":8},"end":{"line":88,"column":55}},"33":{"start":{"line":89,"column":8},"end":{"line":89,"column":59}},"34":{"start":{"line":90,"column":8},"end":{"line":90,"column":59}},"35":{"start":{"line":92,"column":8},"end":{"line":92,"column":101}}},"fnMap":{"0":{"name":"(anonymous_0)","decl":{"start":{"line":15,"column":54},"end":{"line":15,"column":55}},"loc":{"start":{"line":15,"column":62},"end":{"line":94,"column":1}}},"1":{"name":"(anonymous_1)","decl":{"start":{"line":64,"column":44},"end":{"line":64,"column":54}},"loc":{"start":{"line":64,"column":61},"end":{"line":93,"column":5}}}},"branchMap":{"0":{"loc":{"start":{"line":70,"column":8},"end":{"line":75,"column":null}},"type":"if","locations":[{"start":{"line":70,"column":8},"end":{"line":75,"column":null}},{"start":{"line":70,"column":8},"end":{"line":75,"column":null}}]},"1":{"loc":{"start":{"line":77,"column":8},"end":{"line":83,"column":null}},"type":"if","locations":[{"start":{"line":77,"column":8},"end":{"line":83,"column":null}},{"start":{"line":77,"column":8},"end":{"line":83,"column":null}}]}},"s":{"0":1,"1":1,"2":1,"3":1,"4":1,"5":1,"6":1,"7":1,"8":1,"9":1,"10":1,"11":1,"12":1,"13":30,"14":30,"15":12,"16":12,"17":11,"18":11,"19":2,"20":1,"21":1,"22":1,"23":10,"24":2,"25":1,"26":1,"27":1,"28":1,"29":9,"30":9,"31":9,"32":9,"33":9,"34":9,"35":9},"f":{"0":30,"1":12},"b":{"0":[2,9],"1":[2,8]}}
,"/home/runner/work/plugin-templates/plugin-templates/src/helpers/helper.ts": {"path":"/home/runner/work/plugin-templates/plugin-templates/src/helpers/helper.ts","statementMap":{"0":{"start":{"line":1,"column":0},"end":{"line":1,"column":57}},"1":{"start":{"line":14,"column":8},"end":{"line":14,"column":23}},"2":{"start":{"line":15,"column":8},"end":{"line":15,"column":25}},"3":{"start":{"line":19,"column":8},"end":{"line":19,"column":55}},"4":{"start":{"line":9,"column":0},"end":{"line":9,"column":13}}},"fnMap":{"0":{"name":"(anonymous_0)","decl":{"start":{"line":13,"column":4},"end":{"line":13,"column":16}},"loc":{"start":{"line":13,"column":45},"end":{"line":16,"column":5}}},"1":{"name":"(anonymous_1)","decl":{"start":{"line":18,"column":11},"end":{"line":18,"column":19}},"loc":{"start":{"line":18,"column":19},"end":{"line":20,"column":5}}}},"branchMap":{},"s":{"0":1,"1":210,"2":210,"3":210,"4":1},"f":{"0":210,"1":210},"b":{}}
,"/home/runner/work/plugin-templates/plugin-templates/src/helpers/index.ts": {"path":"/home/runner/work/plugin-templates/plugin-templates/src/helpers/index.ts","statementMap":{"0":{"start":{"line":3,"column":0},"end":{"line":3,"column":42}},"1":{"start":{"line":5,"column":0},"end":{"line":5,"column":57}},"2":{"start":{"line":6,"column":0},"end":{"line":6,"column":42}},"3":{"start":{"line":7,"column":0},"end":{"line":7,"column":36}},"4":{"start":{"line":8,"column":0},"end":{"line":8,"column":46}},"5":{"start":{"line":9,"column":0},"end":{"line":9,"column":40}},"6":{"start":{"line":10,"column":0},"end":{"line":10,"column":44}},"7":{"start":{"line":11,"column":0},"end":{"line":11,"column":36}},"8":{"start":{"line":25,"column":24},"end":{"line":25,"column":59}},"9":{"start":{"line":26,"column":8},"end":{"line":28,"column":null}},"10":{"start":{"line":27,"column":12},"end":{"line":27,"column":39}},"11":{"start":{"line":13,"column":0},"end":{"line":13,"column":13}},"12":{"start":{"line":14,"column":19},"end":{"line":22,"column":6}}},"fnMap":{"0":{"name":"(anonymous_0)","decl":{"start":{"line":24,"column":4},"end":{"line":24,"column":10}},"loc":{"start":{"line":24,"column":61},"end":{"line":29,"column":5}}}},"branchMap":{},"s":{"0":1,"1":1,"2":1,"3":1,"4":1,"5":1,"6":1,"7":1,"8":30,"9":30,"10":210,"11":1,"12":1},"f":{"0":30},"b":{}}
,"/home/runner/work/plugin-templates/plugin-templates/src/helpers/math.ts": {"path":"/home/runner/work/plugin-templates/plugin-templates/src/helpers/math.ts","statementMap":{"0":{"start":{"line":1,"column":0},"end":{"line":1,"column":68}},"1":{"start":{"line":3,"column":13},"end":{"line":30,"column":2}},"2":{"start":{"line":4,"column":4},"end":{"line":29,"column":7}},"3":{"start":{"line":5,"column":19},"end":{"line":5,"column":43}},"4":{"start":{"line":6,"column":19},"end":{"line":6,"column":43}},"5":{"start":{"line":8,"column":8},"end":{"line":10,"column":null}},"6":{"start":{"line":9,"column":12},"end":{"line":9,"column":99}},"7":{"start":{"line":12,"column":8},"end":{"line":28,"column":null}},"8":{"start":{"line":14,"column":16},"end":{"line":14,"column":31}},"9":{"start":{"line":16,"column":16},"end":{"line":16,"column":31}},"10":{"start":{"line":18,"column":16},"end":{"line":18,"column":31}},"11":{"start":{"line":20,"column":16},"end":{"line":20,"column":31}},"12":{"start":{"line":22,"column":16},"end":{"line":22,"column":32}},"13":{"start":{"line":24,"column":16},"end":{"line":24,"column":67}},"14":{"start":{"line":24,"column":25},"end":{"line":24,"column":67}},"15":{"start":{"line":25,"column":16},"end":{"line":25,"column":31}},"16":{"start":{"line":27,"column":16},"end":{"line":27,"column":80}}},"fnMap":{"0":{"name":"(anonymous_0)","decl":{"start":{"line":3,"column":50},"end":{"line":3,"column":53}},"loc":{"start":{"line":3,"column":56},"end":{"line":30,"column":1}}},"1":{"name":"(anonymous_1)","decl":{"start":{"line":4,"column":40},"end":{"line":4,"column":41}},"loc":{"start":{"line":4,"column":75},"end":{"line":29,"column":5}}}},"branchMap":{"0":{"loc":{"start":{"line":8,"column":8},"end":{"line":10,"column":null}},"type":"if","locations":[{"start":{"line":8,"column":8},"end":{"line":10,"column":null}},{"start":{"line":8,"column":8},"end":{"line":10,"column":null}}]},"1":{"loc":{"start":{"line":8,"column":12},"end":{"line":8,"column":28}},"type":"binary-expr","locations":[{"start":{"line":8,"column":12},"end":{"line":8,"column":28}},{"start":{"line":8,"column":32},"end":{"line":8,"column":48}}]},"2":{"loc":{"start":{"line":13,"column":12},"end":{"line":14,"column":31}},"type":"switch","locations":[{"start":{"line":13,"column":12},"end":{"line":14,"column":31}},{"start":{"line":15,"column":12},"end":{"line":16,"column":31}},{"start":{"line":17,"column":12},"end":{"line":18,"column":31}},{"start":{"line":19,"column":12},"end":{"line":20,"column":31}},{"start":{"line":21,"column":12},"end":{"line":22,"column":32}},{"start":{"line":23,"column":12},"end":{"line":25,"column":31}},{"start":{"line":26,"column":12},"end":{"line":27,"column":80}}]},"3":{"loc":{"start":{"line":24,"column":16},"end":{"line":24,"column":67}},"type":"if","locations":[{"start":{"line":24,"column":16},"end":{"line":24,"column":67}},{"start":{"line":24,"column":16},"end":{"line":24,"column":67}}]}},"s":{"0":1,"1":1,"2":30,"3":17,"4":17,"5":17,"6":2,"7":15,"8":2,"9":2,"10":5,"11":3,"12":1,"13":2,"14":1,"15":1,"16":0},"f":{"0":30,"1":17},"b":{"0":[2,15],"1":[17,15],"2":[2,2,5,3,1,2,0],"3":[1,1]}}
,"/home/runner/work/plugin-templates/plugin-templates/src/helpers/repeat.ts": {"path":"/home/runner/work/plugin-templates/plugin-templates/src/helpers/repeat.ts","statementMap":{"0":{"start":{"line":1,"column":0},"end":{"line":1,"column":68}},"1":{"start":{"line":3,"column":13},"end":{"line":17,"column":2}},"2":{"start":{"line":4,"column":4},"end":{"line":16,"column":7}},"3":{"start":{"line":5,"column":20},"end":{"line":5,"column":43}},"4":{"start":{"line":7,"column":8},"end":{"line":9,"column":null}},"5":{"start":{"line":8,"column":12},"end":{"line":8,"column":86}},"6":{"start":{"line":11,"column":18},"end":{"line":11,"column":20}},"7":{"start":{"line":12,"column":8},"end":{"line":14,"column":null}},"8":{"start":{"line":12,"column":21},"end":{"line":12,"column":22}},"9":{"start":{"line":13,"column":12},"end":{"line":13,"column":62}},"10":{"start":{"line":15,"column":8},"end":{"line":15,"column":19}}},"fnMap":{"0":{"name":"(anonymous_0)","decl":{"start":{"line":3,"column":52},"end":{"line":3,"column":53}},"loc":{"start":{"line":3,"column":60},"end":{"line":17,"column":1}}},"1":{"name":"(anonymous_1)","decl":{"start":{"line":4,"column":42},"end":{"line":4,"column":52}},"loc":{"start":{"line":4,"column":67},"end":{"line":16,"column":5}}}},"branchMap":{"0":{"loc":{"start":{"line":7,"column":8},"end":{"line":9,"column":null}},"type":"if","locations":[{"start":{"line":7,"column":8},"end":{"line":9,"column":null}},{"start":{"line":7,"column":8},"end":{"line":9,"column":null}}]}},"s":{"0":1,"1":1,"2":30,"3":5,"4":5,"5":2,"6":3,"7":3,"8":3,"9":7,"10":3},"f":{"0":30,"1":5},"b":{"0":[2,3]}}
,"/home/runner/work/plugin-templates/plugin-templates/src/helpers/utils/attributes.ts": {"path":"/home/runner/work/plugin-templates/plugin-templates/src/helpers/utils/attributes.ts","statementMap":{"0":{"start":{"line":1,"column":0},"end":{"line":1,"column":null}},"1":{"start":{"line":2,"column":4},"end":{"line":2,"column":null}},"2":{"start":{"line":3,"column":4},"end":{"line":3,"column":null}},"3":{"start":{"line":4,"column":4},"end":{"line":4,"column":null}},"4":{"start":{"line":22,"column":24},"end":{"line":22,"column":53}},"5":{"start":{"line":25,"column":8},"end":{"line":37,"column":null}},"6":{"start":{"line":27,"column":16},"end":{"line":27,"column":34}},"7":{"start":{"line":29,"column":26},"end":{"line":29,"column":95}},"8":{"start":{"line":30,"column":16},"end":{"line":32,"column":null}},"9":{"start":{"line":31,"column":20},"end":{"line":31,"column":105}},"10":{"start":{"line":33,"column":16},"end":{"line":33,"column":25}},"11":{"start":{"line":36,"column":16},"end":{"line":36,"column":55}},"12":{"start":{"line":41,"column":33},"end":{"line":41,"column":35}},"13":{"start":{"line":43,"column":8},"end":{"line":45,"column":null}},"14":{"start":{"line":44,"column":12},"end":{"line":44,"column":null}},"15":{"start":{"line":47,"column":8},"end":{"line":53,"column":null}},"16":{"start":{"line":48,"column":12},"end":{"line":52,"column":null}},"17":{"start":{"line":49,"column":16},"end":{"line":49,"column":98}},"18":{"start":{"line":51,"column":16},"end":{"line":51,"column":64}},"19":{"start":{"line":55,"column":8},"end":{"line":55,"column":32}},"20":{"start":{"line":21,"column":0},"end":{"line":21,"column":13}}},"fnMap":{"0":{"name":"(anonymous_0)","decl":{"start":{"line":1,"column":0},"end":{"line":1,"column":12}},"loc":{"start":{"line":1,"column":30},"end":{"line":5,"column":1}}},"1":{"name":"(anonymous_1)","decl":{"start":{"line":22,"column":4},"end":{"line":22,"column":24}},"loc":{"start":{"line":22,"column":53},"end":{"line":22,"column":57}}},"2":{"name":"(anonymous_2)","decl":{"start":{"line":24,"column":12},"end":{"line":24,"column":26}},"loc":{"start":{"line":24,"column":71},"end":{"line":38,"column":5}}},"3":{"name":"(anonymous_3)","decl":{"start":{"line":40,"column":4},"end":{"line":40,"column":9}},"loc":{"start":{"line":40,"column":38},"end":{"line":56,"column":5}}}},"branchMap":{"0":{"loc":{"start":{"line":1,"column":12},"end":{"line":1,"column":30}},"type":"binary-expr","locations":[{"start":{"line":1,"column":12},"end":{"line":1,"column":30}},{"start":{"line":1,"column":12},"end":{"line":1,"column":null}}]},"1":{"loc":{"start":{"line":26,"column":12},"end":{"line":27,"column":34}},"type":"switch","locations":[{"start":{"line":26,"column":12},"end":{"line":27,"column":34}},{"start":{"line":28,"column":12},"end":{"line":34,"column":null}},{"start":{"line":35,"column":12},"end":{"line":36,"column":55}}]},"2":{"loc":{"start":{"line":29,"column":57},"end":{"line":29,"column":84}},"type":"cond-expr","locations":[{"start":{"line":29,"column":57},"end":{"line":29,"column":84}},{"start":{"line":29,"column":87},"end":{"line":29,"column":95}}]},"3":{"loc":{"start":{"line":30,"column":16},"end":{"line":32,"column":null}},"type":"if","locations":[{"start":{"line":30,"column":16},"end":{"line":32,"column":null}},{"start":{"line":30,"column":16},"end":{"line":32,"column":null}}]},"4":{"loc":{"start":{"line":30,"column":20},"end":{"line":30,"column":41}},"type":"binary-expr","locations":[{"start":{"line":30,"column":20},"end":{"line":30,"column":41}},{"start":{"line":30,"column":45},"end":{"line":30,"column":60}}]},"5":{"loc":{"start":{"line":43,"column":8},"end":{"line":45,"column":null}},"type":"if","locations":[{"start":{"line":43,"column":8},"end":{"line":45,"column":null}},{"start":{"line":43,"column":8},"end":{"line":45,"column":null}}]},"6":{"loc":{"start":{"line":48,"column":12},"end":{"line":52,"column":null}},"type":"if","locations":[{"start":{"line":48,"column":12},"end":{"line":52,"column":null}},{"start":{"line":48,"column":12},"end":{"line":52,"column":null}}]}},"s":{"0":2,"1":2,"2":2,"3":2,"4":17,"5":34,"6":4,"7":17,"8":17,"9":3,"10":14,"11":13,"12":20,"13":20,"14":0,"15":20,"16":126,"17":34,"18":92,"19":17,"20":2},"f":{"0":2,"1":17,"2":34,"3":20},"b":{"0":[2,2],"1":[4,17,13],"2":[9,8],"3":[3,14],"4":[17,16],"5":[0,20],"6":[34,92]}}
,"/home/runner/work/plugin-templates/plugin-templates/src/utils/dataApi.ts": {"path":"/home/runner/work/plugin-templates/plugin-templates/src/utils/dataApi.ts","statementMap":{"0":{"start":{"line":1,"column":0},"end":{"line":1,"column":25}},"1":{"start":{"line":4,"column":13},"end":{"line":16,"column":null}},"2":{"start":{"line":4,"column":82},"end":{"line":16,"column":null}},"3":{"start":{"line":5,"column":18},"end":{"line":5,"column":19}},"4":{"start":{"line":7,"column":16},"end":{"line":7,"column":18}},"5":{"start":{"line":9,"column":4},"end":{"line":13,"column":32}},"6":{"start":{"line":10,"column":8},"end":{"line":10,"column":76}},"7":{"start":{"line":11,"column":8},"end":{"line":11,"column":45}},"8":{"start":{"line":12,"column":8},"end":{"line":12,"column":18}},"9":{"start":{"line":15,"column":4},"end":{"line":15,"column":17}}},"fnMap":{"0":{"name":"(anonymous_7)","decl":{"start":{"line":4,"column":29},"end":{"line":4,"column":36}},"loc":{"start":{"line":4,"column":82},"end":{"line":16,"column":null}}},"1":{"name":"(anonymous_8)","decl":{"start":{"line":4,"column":82},"end":{"line":4,"column":null}},"loc":{"start":{"line":4,"column":82},"end":{"line":16,"column":1}}}},"branchMap":{},"s":{"0":2,"1":2,"2":0,"3":0,"4":0,"5":0,"6":0,"7":0,"8":0,"9":0},"f":{"0":0,"1":0},"b":{}}
,"/home/runner/work/plugin-templates/plugin-templates/src/utils/dateAndTime.ts": {"path":"/home/runner/work/plugin-templates/plugin-templates/src/utils/dateAndTime.ts","statementMap":{"0":{"start":{"line":1,"column":0},"end":{"line":1,"column":33}},"1":{"start":{"line":23,"column":8},"end":{"line":23,"column":29}},"2":{"start":{"line":24,"column":8},"end":{"line":24,"column":37}},"3":{"start":{"line":25,"column":8},"end":{"line":25,"column":37}},"4":{"start":{"line":27,"column":8},"end":{"line":27,"column":35}},"5":{"start":{"line":31,"column":8},"end":{"line":31,"column":31}},"6":{"start":{"line":35,"column":8},"end":{"line":35,"column":31}},"7":{"start":{"line":39,"column":8},"end":{"line":39,"column":55}},"8":{"start":{"line":43,"column":8},"end":{"line":45,"column":null}},"9":{"start":{"line":44,"column":12},"end":{"line":44,"column":46}},"10":{"start":{"line":46,"column":8},"end":{"line":46,"column":41}},"11":{"start":{"line":50,"column":8},"end":{"line":50,"column":66}},"12":{"start":{"line":55,"column":28},"end":{"line":55,"column":38}},"13":{"start":{"line":56,"column":20},"end":{"line":56,"column":40}},"14":{"start":{"line":57,"column":21},"end":{"line":57,"column":67}},"15":{"start":{"line":58,"column":8},"end":{"line":58,"column":64}},"16":{"start":{"line":62,"column":21},"end":{"line":62,"column":48}},"17":{"start":{"line":64,"column":8},"end":{"line":66,"column":null}},"18":{"start":{"line":65,"column":12},"end":{"line":65,"column":92}},"19":{"start":{"line":68,"column":8},"end":{"line":72,"column":10}},"20":{"start":{"line":76,"column":21},"end":{"line":76,"column":48}},"21":{"start":{"line":78,"column":8},"end":{"line":80,"column":null}},"22":{"start":{"line":79,"column":12},"end":{"line":79,"column":92}},"23":{"start":{"line":82,"column":8},"end":{"line":85,"column":10}},"24":{"start":{"line":17,"column":0},"end":{"line":17,"column":13}}},"fnMap":{"0":{"name":"(anonymous_0)","decl":{"start":{"line":22,"column":4},"end":{"line":22,"column":16}},"loc":{"start":{"line":22,"column":70},"end":{"line":28,"column":5}}},"1":{"name":"(anonymous_1)","decl":{"start":{"line":30,"column":11},"end":{"line":30,"column":24}},"loc":{"start":{"line":30,"column":24},"end":{"line":32,"column":5}}},"2":{"name":"(anonymous_2)","decl":{"start":{"line":34,"column":11},"end":{"line":34,"column":24}},"loc":{"start":{"line":34,"column":24},"end":{"line":36,"column":5}}},"3":{"name":"(anonymous_3)","decl":{"start":{"line":38,"column":11},"end":{"line":38,"column":28}},"loc":{"start":{"line":38,"column":28},"end":{"line":40,"column":5}}},"4":{"name":"(anonymous_4)","decl":{"start":{"line":42,"column":11},"end":{"line":42,"column":26}},"loc":{"start":{"line":42,"column":60},"end":{"line":47,"column":5}}},"5":{"name":"(anonymous_5)","decl":{"start":{"line":49,"column":11},"end":{"line":49,"column":25}},"loc":{"start":{"line":49,"column":47},"end":{"line":51,"column":5}}},"6":{"name":"(anonymous_6)","decl":{"start":{"line":53,"column":11},"end":{"line":53,"column":29}},"loc":{"start":{"line":53,"column":48},"end":{"line":59,"column":5}}},"7":{"name":"(anonymous_7)","decl":{"start":{"line":61,"column":11},"end":{"line":61,"column":20}},"loc":{"start":{"line":61,"column":50},"end":{"line":73,"column":5}}},"8":{"name":"(anonymous_8)","decl":{"start":{"line":75,"column":11},"end":{"line":75,"column":20}},"loc":{"start":{"line":75,"column":50},"end":{"line":86,"column":5}}}},"branchMap":{"0":{"loc":{"start":{"line":42,"column":56},"end":{"line":42,"column":60}},"type":"default-arg","locations":[{"start":{"line":42,"column":56},"end":{"line":42,"column":60}}]},"1":{"loc":{"start":{"line":43,"column":8},"end":{"line":45,"column":null}},"type":"if","locations":[{"start":{"line":43,"column":8},"end":{"line":45,"column":null}},{"start":{"line":43,"column":8},"end":{"line":45,"column":null}}]},"2":{"loc":{"start":{"line":49,"column":43},"end":{"line":49,"column":47}},"type":"default-arg","locations":[{"start":{"line":49,"column":43},"end":{"line":49,"column":47}}]},"3":{"loc":{"start":{"line":57,"column":41},"end":{"line":57,"column":57}},"type":"cond-expr","locations":[{"start":{"line":57,"column":41},"end":{"line":57,"column":57}},{"start":{"line":57,"column":60},"end":{"line":57,"column":67}}]},"4":{"loc":{"start":{"line":64,"column":8},"end":{"line":66,"column":null}},"type":"if","locations":[{"start":{"line":64,"column":8},"end":{"line":66,"column":null}},{"start":{"line":64,"column":8},"end":{"line":66,"column":null}}]},"5":{"loc":{"start":{"line":78,"column":8},"end":{"line":80,"column":null}},"type":"if","locations":[{"start":{"line":78,"column":8},"end":{"line":80,"column":null}},{"start":{"line":78,"column":8},"end":{"line":80,"column":null}}]}},"s":{"0":2,"1":10,"2":10,"3":10,"4":10,"5":166,"6":58,"7":85,"8":283,"9":54,"10":283,"11":162,"12":108,"13":108,"14":108,"15":108,"16":4,"17":4,"18":2,"19":2,"20":4,"21":4,"22":2,"23":2,"24":2},"f":{"0":10,"1":166,"2":58,"3":85,"4":283,"5":162,"6":108,"7":4,"8":4},"b":{"0":[0],"1":[54,229],"2":[54],"3":[108,0],"4":[2,2],"5":[2,2]}}
,"/home/runner/work/plugin-templates/plugin-templates/src/utils/folders.ts": {"path":"/home/runner/work/plugin-templates/plugin-templates/src/utils/folders.ts","statementMap":{"0":{"start":{"line":1,"column":0},"end":{"line":1,"column":25}},"1":{"start":{"line":2,"column":0},"end":{"line":2,"column":42}},"2":{"start":{"line":5,"column":13},"end":{"line":8,"column":null}},"3":{"start":{"line":5,"column":61},"end":{"line":8,"column":null}},"4":{"start":{"line":6,"column":19},"end":{"line":6,"column":58}},"5":{"start":{"line":7,"column":4},"end":{"line":7,"column":21}},"6":{"start":{"line":10,"column":13},"end":{"line":13,"column":null}},"7":{"start":{"line":10,"column":69},"end":{"line":13,"column":null}},"8":{"start":{"line":11,"column":19},"end":{"line":11,"column":78}},"9":{"start":{"line":12,"column":4},"end":{"line":12,"column":21}},"10":{"start":{"line":15,"column":13},"end":{"line":17,"column":null}},"11":{"start":{"line":15,"column":76},"end":{"line":17,"column":null}},"12":{"start":{"line":16,"column":4},"end":{"line":16,"column":null}},"13":{"start":{"line":19,"column":13},"end":{"line":26,"column":2}},"14":{"start":{"line":19,"column":76},"end":{"line":26,"column":2}},"15":{"start":{"line":20,"column":4},"end":{"line":25,"column":null}},"16":{"start":{"line":21,"column":8},"end":{"line":21,"column":78}},"17":{"start":{"line":22,"column":8},"end":{"line":22,"column":20}},"18":{"start":{"line":24,"column":8},"end":{"line":24,"column":21}}},"fnMap":{"0":{"name":"(anonymous_7)","decl":{"start":{"line":5,"column":33},"end":{"line":5,"column":59}},"loc":{"start":{"line":5,"column":61},"end":{"line":8,"column":null}}},"1":{"name":"(anonymous_8)","decl":{"start":{"line":5,"column":61},"end":{"line":5,"column":null}},"loc":{"start":{"line":5,"column":61},"end":{"line":8,"column":1}}},"2":{"name":"(anonymous_9)","decl":{"start":{"line":10,"column":28},"end":{"line":10,"column":35}},"loc":{"start":{"line":10,"column":69},"end":{"line":13,"column":null}}},"3":{"name":"(anonymous_10)","decl":{"start":{"line":10,"column":69},"end":{"line":10,"column":null}},"loc":{"start":{"line":10,"column":69},"end":{"line":13,"column":1}}},"4":{"name":"(anonymous_11)","decl":{"start":{"line":15,"column":35},"end":{"line":15,"column":42}},"loc":{"start":{"line":15,"column":76},"end":{"line":17,"column":null}}},"5":{"name":"(anonymous_12)","decl":{"start":{"line":15,"column":76},"end":{"line":15,"column":null}},"loc":{"start":{"line":15,"column":76},"end":{"line":17,"column":1}}},"6":{"name":"(anonymous_13)","decl":{"start":{"line":19,"column":31},"end":{"line":19,"column":38}},"loc":{"start":{"line":19,"column":76},"end":{"line":26,"column":2}}},"7":{"name":"(anonymous_14)","decl":{"start":{"line":19,"column":76},"end":{"line":19,"column":null}},"loc":{"start":{"line":19,"column":76},"end":{"line":26,"column":1}}}},"branchMap":{},"s":{"0":2,"1":2,"2":2,"3":0,"4":0,"5":0,"6":2,"7":0,"8":0,"9":0,"10":2,"11":0,"12":0,"13":2,"14":0,"15":0,"16":0,"17":0,"18":0},"f":{"0":0,"1":0,"2":0,"3":0,"4":0,"5":0,"6":0,"7":0},"b":{}}
,"/home/runner/work/plugin-templates/plugin-templates/src/utils/tags.ts": {"path":"/home/runner/work/plugin-templates/plugin-templates/src/utils/tags.ts","statementMap":{"0":{"start":{"line":1,"column":0},"end":{"line":1,"column":25}},"1":{"start":{"line":2,"column":0},"end":{"line":2,"column":42}},"2":{"start":{"line":10,"column":13},"end":{"line":17,"column":null}},"3":{"start":{"line":10,"column":75},"end":{"line":17,"column":null}},"4":{"start":{"line":11,"column":4},"end":{"line":16,"column":7}},"5":{"start":{"line":12,"column":8},"end":{"line":15,"column":null}},"6":{"start":{"line":19,"column":13},"end":{"line":30,"column":null}},"7":{"start":{"line":19,"column":72},"end":{"line":30,"column":null}},"8":{"start":{"line":20,"column":25},"end":{"line":20,"column":57}},"9":{"start":{"line":21,"column":4},"end":{"line":23,"column":null}},"10":{"start":{"line":22,"column":8},"end":{"line":22,"column":31}},"11":{"start":{"line":25,"column":16},"end":{"line":25,"column":72}},"12":{"start":{"line":26,"column":4},"end":{"line":29,"column":6}},"13":{"start":{"line":32,"column":13},"end":{"line":34,"column":null}},"14":{"start":{"line":32,"column":75},"end":{"line":34,"column":null}},"15":{"start":{"line":33,"column":4},"end":{"line":33,"column":88}},"16":{"start":{"line":36,"column":13},"end":{"line":38,"column":null}},"17":{"start":{"line":36,"column":85},"end":{"line":38,"column":null}},"18":{"start":{"line":37,"column":4},"end":{"line":37,"column":75}}},"fnMap":{"0":{"name":"(anonymous_7)","decl":{"start":{"line":10,"column":35},"end":{"line":10,"column":42}},"loc":{"start":{"line":10,"column":75},"end":{"line":17,"column":null}}},"1":{"name":"(anonymous_8)","decl":{"start":{"line":10,"column":75},"end":{"line":10,"column":null}},"loc":{"start":{"line":10,"column":75},"end":{"line":17,"column":1}}},"2":{"name":"(anonymous_9)","decl":{"start":{"line":11,"column":80},"end":{"line":11,"column":83}},"loc":{"start":{"line":11,"column":86},"end":{"line":16,"column":5}}},"3":{"name":"(anonymous_10)","decl":{"start":{"line":19,"column":34},"end":{"line":19,"column":41}},"loc":{"start":{"line":19,"column":72},"end":{"line":30,"column":null}}},"4":{"name":"(anonymous_11)","decl":{"start":{"line":19,"column":72},"end":{"line":19,"column":null}},"loc":{"start":{"line":19,"column":72},"end":{"line":30,"column":1}}},"5":{"name":"(anonymous_12)","decl":{"start":{"line":32,"column":34},"end":{"line":32,"column":41}},"loc":{"start":{"line":32,"column":75},"end":{"line":34,"column":null}}},"6":{"name":"(anonymous_13)","decl":{"start":{"line":32,"column":75},"end":{"line":32,"column":null}},"loc":{"start":{"line":32,"column":75},"end":{"line":34,"column":1}}},"7":{"name":"(anonymous_14)","decl":{"start":{"line":36,"column":30},"end":{"line":36,"column":37}},"loc":{"start":{"line":36,"column":85},"end":{"line":38,"column":null}}},"8":{"name":"(anonymous_15)","decl":{"start":{"line":36,"column":85},"end":{"line":36,"column":null}},"loc":{"start":{"line":36,"column":85},"end":{"line":38,"column":1}}}},"branchMap":{"0":{"loc":{"start":{"line":21,"column":4},"end":{"line":23,"column":null}},"type":"if","locations":[{"start":{"line":21,"column":4},"end":{"line":23,"column":null}},{"start":{"line":21,"column":4},"end":{"line":23,"column":null}}]}},"s":{"0":1,"1":1,"2":1,"3":0,"4":0,"5":0,"6":1,"7":0,"8":0,"9":0,"10":0,"11":0,"12":0,"13":1,"14":0,"15":0,"16":1,"17":0,"18":0},"f":{"0":0,"1":0,"2":0,"3":0,"4":0,"5":0,"6":0,"7":0,"8":0},"b":{"0":[0,0]}}
[...]
,"/home/runner/work/plugin-templates/plugin-templates/src/variables/types/base.ts": {"path":"/home/runner/work/plugin-templates/plugin-templates/src/variables/types/base.ts","statementMap":{"0":{"start":{"line":2,"column":0},"end":{"line":2,"column":39}},"1":{"start":{"line":4,"column":0},"end":{"line":4,"column":13}},"2":{"start":{"line":12,"column":8},"end":{"line":12,"column":25}},"3":{"start":{"line":13,"column":8},"end":{"line":13,"column":27}},"4":{"start":{"line":17,"column":8},"end":{"line":17,"column":18}},"5":{"start":{"line":21,"column":8},"end":{"line":32,"column":10}},"6":{"start":{"line":37,"column":8},"end":{"line":37,"column":21}},"7":{"start":{"line":41,"column":8},"end":{"line":54,"column":null}},"8":{"start":{"line":42,"column":12},"end":{"line":42,"column":40}},"9":{"start":{"line":43,"column":15},"end":{"line":54,"column":null}},"10":{"start":{"line":44,"column":12},"end":{"line":53,"column":null}},"11":{"start":{"line":45,"column":37},"end":{"line":45,"column":55}},"12":{"start":{"line":46,"column":16},"end":{"line":52,"column":null}},"13":{"start":{"line":47,"column":32},"end":{"line":47,"column":36}},"14":{"start":{"line":48,"column":20},"end":{"line":50,"column":null}},"15":{"start":{"line":49,"column":24},"end":{"line":49,"column":59}},"16":{"start":{"line":51,"column":20},"end":{"line":51,"column":49}},"17":{"start":{"line":56,"column":8},"end":{"line":56,"column":43}},"18":{"start":{"line":6,"column":0},"end":{"line":6,"column":13}}},"fnMap":{"0":{"name":"(anonymous_0)","decl":{"start":{"line":11,"column":4},"end":{"line":11,"column":16}},"loc":{"start":{"line":11,"column":43},"end":{"line":14,"column":5}}},"1":{"name":"(anonymous_1)","decl":{"start":{"line":16,"column":14},"end":{"line":16,"column":23}},"loc":{"start":{"line":16,"column":23},"end":{"line":18,"column":5}}},"2":{"name":"(anonymous_2)","decl":{"start":{"line":20,"column":11},"end":{"line":20,"column":17}},"loc":{"start":{"line":20,"column":17},"end":{"line":33,"column":5}}},"3":{"name":"(anonymous_3)","decl":{"start":{"line":36,"column":11},"end":{"line":36,"column":23}},"loc":{"start":{"line":36,"column":73},"end":{"line":38,"column":5}}},"4":{"name":"(anonymous_4)","decl":{"start":{"line":40,"column":4},"end":{"line":40,"column":10}},"loc":{"start":{"line":40,"column":65},"end":{"line":57,"column":5}}}},"branchMap":{"0":{"loc":{"start":{"line":41,"column":8},"end":{"line":54,"column":null}},"type":"if","locations":[{"start":{"line":41,"column":8},"end":{"line":54,"column":null}},{"start":{"line":41,"column":8},"end":{"line":54,"column":null}}]},"1":{"loc":{"start":{"line":41,"column":12},"end":{"line":41,"column":42}},"type":"binary-expr","locations":[{"start":{"line":41,"column":12},"end":{"line":41,"column":42}},{"start":{"line":41,"column":46},"end":{"line":41,"column":87}}]},"2":{"loc":{"start":{"line":43,"column":15},"end":{"line":54,"column":null}},"type":"if","locations":[{"start":{"line":43,"column":15},"end":{"line":54,"column":null}},{"start":{"line":43,"column":15},"end":{"line":54,"column":null}}]},"3":{"loc":{"start":{"line":44,"column":12},"end":{"line":53,"column":null}},"type":"if","locations":[{"start":{"line":44,"column":12},"end":{"line":53,"column":null}},{"start":{"line":44,"column":12},"end":{"line":53,"column":null}}]},"4":{"loc":{"start":{"line":46,"column":16},"end":{"line":52,"column":null}},"type":"if","locations":[{"start":{"line":46,"column":16},"end":{"line":52,"column":null}},{"start":{"line":46,"column":16},"end":{"line":52,"column":null}}]},"5":{"loc":{"start":{"line":46,"column":20},"end":{"line":46,"column":52}},"type":"binary-expr","locations":[{"start":{"line":46,"column":20},"end":{"line":46,"column":52}},{"start":{"line":46,"column":56},"end":{"line":46,"column":99}}]},"6":{"loc":{"start":{"line":48,"column":20},"end":{"line":50,"column":null}},"type":"if","locations":[{"start":{"line":48,"column":20},"end":{"line":50,"column":null}},{"start":{"line":48,"column":20},"end":{"line":50,"column":null}}]},"7":{"loc":{"start":{"line":48,"column":24},"end":{"line":48,"column":45}},"type":"binary-expr","locations":[{"start":{"line":48,"column":24},"end":{"line":48,"column":45}},{"start":{"line":48,"column":49},"end":{"line":48,"column":88}}]}},"s":{"0":1,"1":1,"2":39,"3":39,"4":0,"5":4,"6":20,"7":96,"8":32,"9":64,"10":11,"11":11,"12":11,"13":1,"14":1,"15":1,"16":1,"17":63,"18":1},"f":{"0":39,"1":0,"2":4,"3":20,"4":96},"b":{"0":[32,64],"1":[96,85],"2":[11,53],"3":[11,0],"4":[1,10],"5":[11,11],"6":[1,0],"7":[1,1]}}
,"/home/runner/work/plugin-templates/plugin-templates/src/variables/types/boolean.ts": {"path":"/home/runner/work/plugin-templates/plugin-templates/src/variables/types/boolean.ts","statementMap":{"0":{"start":{"line":2,"column":0},"end":{"line":2,"column":39}},"1":{"start":{"line":3,"column":0},"end":{"line":3,"column":40}},"2":{"start":{"line":9,"column":8},"end":{"line":16,"column":10}},"3":{"start":{"line":21,"column":8},"end":{"line":21,"column":32}},"4":{"start":{"line":5,"column":0},"end":{"line":5,"column":13}},"5":{"start":{"line":6,"column":11},"end":{"line":6,"column":38}}},"fnMap":{"0":{"name":"(anonymous_0)","decl":{"start":{"line":8,"column":14},"end":{"line":8,"column":23}},"loc":{"start":{"line":8,"column":23},"end":{"line":17,"column":5}}},"1":{"name":"(anonymous_1)","decl":{"start":{"line":20,"column":11},"end":{"line":20,"column":23}},"loc":{"start":{"line":20,"column":73},"end":{"line":22,"column":5}}}},"branchMap":{},"s":{"0":1,"1":1,"2":0,"3":5,"4":1,"5":1},"f":{"0":0,"1":5},"b":{}}
,"/home/runner/work/plugin-templates/plugin-templates/src/variables/types/date.ts": {"path":"/home/runner/work/plugin-templates/plugin-templates/src/variables/types/date.ts","statementMap":{"0":{"start":{"line":2,"column":0},"end":{"line":2,"column":39}},"1":{"start":{"line":3,"column":0},"end":{"line":3,"column":40}},"2":{"start":{"line":9,"column":26},"end":{"line":9,"column":41}},"3":{"start":{"line":10,"column":8},"end":{"line":10,"column":103}},"4":{"start":{"line":14,"column":8},"end":{"line":14,"column":73}},"5":{"start":{"line":5,"column":0},"end":{"line":5,"column":13}},"6":{"start":{"line":6,"column":11},"end":{"line":6,"column":35}}},"fnMap":{"0":{"name":"(anonymous_0)","decl":{"start":{"line":8,"column":11},"end":{"line":8,"column":23}},"loc":{"start":{"line":8,"column":73},"end":{"line":11,"column":5}}},"1":{"name":"(anonymous_1)","decl":{"start":{"line":13,"column":14},"end":{"line":13,"column":23}},"loc":{"start":{"line":13,"column":23},"end":{"line":15,"column":5}}}},"branchMap":{},"s":{"0":1,"1":1,"2":2,"3":2,"4":0,"5":1,"6":1},"f":{"0":2,"1":0},"b":{}}
,"/home/runner/work/plugin-templates/plugin-templates/src/variables/types/enum.ts": {"path":"/home/runner/work/plugin-templates/plugin-templates/src/variables/types/enum.ts","statementMap":{"0":{"start":{"line":1,"column":0},"end":{"line":1,"column":39}},"1":{"start":{"line":2,"column":0},"end":{"line":2,"column":64}},"2":{"start":{"line":9,"column":8},"end":{"line":9,"column":27}},"3":{"start":{"line":10,"column":8},"end":{"line":10,"column":31}},"4":{"start":{"line":14,"column":28},"end":{"line":16,"column":19}},"5":{"start":{"line":15,"column":12},"end":{"line":15,"column":null}},"6":{"start":{"line":17,"column":8},"end":{"line":17,"column":77}},"7":{"start":{"line":21,"column":8},"end":{"line":21,"column":27}},"8":{"start":{"line":23,"column":8},"end":{"line":25,"column":null}},"9":{"start":{"line":24,"column":12},"end":{"line":24,"column":82}},"10":{"start":{"line":24,"column":72},"end":{"line":24,"column":80}},"11":{"start":{"line":27,"column":8},"end":{"line":29,"column":null}},"12":{"start":{"line":28,"column":12},"end":{"line":28,"column":81}},"13":{"start":{"line":28,"column":71},"end":{"line":28,"column":79}},"14":{"start":{"line":31,"column":8},"end":{"line":31,"column":43}},"15":{"start":{"line":35,"column":8},"end":{"line":52,"column":null}},"16":{"start":{"line":36,"column":28},"end":{"line":36,"column":63}},"17":{"start":{"line":37,"column":12},"end":{"line":37,"column":49}},"18":{"start":{"line":38,"column":15},"end":{"line":52,"column":null}},"19":{"start":{"line":39,"column":12},"end":{"line":51,"column":null}},"20":{"start":{"line":40,"column":37},"end":{"line":40,"column":55}},"21":{"start":{"line":41,"column":16},"end":{"line":50,"column":null}},"22":{"start":{"line":42,"column":36},"end":{"line":42,"column":73}},"23":{"start":{"line":44,"column":32},"end":{"line":44,"column":36}},"24":{"start":{"line":45,"column":20},"end":{"line":47,"column":null}},"25":{"start":{"line":46,"column":24},"end":{"line":46,"column":59}},"26":{"start":{"line":49,"column":20},"end":{"line":49,"column":58}},"27":{"start":{"line":54,"column":8},"end":{"line":54,"column":43}},"28":{"start":{"line":4,"column":0},"end":{"line":4,"column":13}},"29":{"start":{"line":5,"column":11},"end":{"line":5,"column":39}}},"fnMap":{"0":{"name":"(anonymous_0)","decl":{"start":{"line":8,"column":4},"end":{"line":8,"column":16}},"loc":{"start":{"line":8,"column":62},"end":{"line":11,"column":5}}},"1":{"name":"(anonymous_1)","decl":{"start":{"line":13,"column":14},"end":{"line":13,"column":23}},"loc":{"start":{"line":13,"column":23},"end":{"line":18,"column":5}}},"2":{"name":"(anonymous_2)","decl":{"start":{"line":14,"column":45},"end":{"line":14,"column":46}},"loc":{"start":{"line":14,"column":49},"end":{"line":16,"column":9}}},"3":{"name":"(anonymous_3)","decl":{"start":{"line":20,"column":12},"end":{"line":20,"column":18}},"loc":{"start":{"line":20,"column":50},"end":{"line":32,"column":5}}},"4":{"name":"(anonymous_4)","decl":{"start":{"line":24,"column":67},"end":{"line":24,"column":68}},"loc":{"start":{"line":24,"column":72},"end":{"line":24,"column":80}}},"5":{"name":"(anonymous_5)","decl":{"start":{"line":28,"column":66},"end":{"line":28,"column":67}},"loc":{"start":{"line":28,"column":71},"end":{"line":28,"column":79}}},"6":{"name":"(anonymous_6)","decl":{"start":{"line":34,"column":4},"end":{"line":34,"column":10}},"loc":{"start":{"line":34,"column":65},"end":{"line":55,"column":5}}}},"branchMap":{"0":{"loc":{"start":{"line":23,"column":8},"end":{"line":25,"column":null}},"type":"if","locations":[{"start":{"line":23,"column":8},"end":{"line":25,"column":null}},{"start":{"line":23,"column":8},"end":{"line":25,"column":null}}]},"1":{"loc":{"start":{"line":23,"column":12},"end":{"line":23,"column":40}},"type":"binary-expr","locations":[{"start":{"line":23,"column":12},"end":{"line":23,"column":40}},{"start":{"line":23,"column":44},"end":{"line":23,"column":62}}]},"2":{"loc":{"start":{"line":27,"column":8},"end":{"line":29,"column":null}},"type":"if","locations":[{"start":{"line":27,"column":8},"end":{"line":29,"column":null}},{"start":{"line":27,"column":8},"end":{"line":29,"column":null}}]},"3":{"loc":{"start":{"line":27,"column":12},"end":{"line":27,"column":36}},"type":"binary-expr","locations":[{"start":{"line":27,"column":12},"end":{"line":27,"column":36}},{"start":{"line":27,"column":40},"end":{"line":27,"column":58}}]},"4":{"loc":{"start":{"line":35,"column":8},"end":{"line":52,"column":null}},"type":"if","locations":[{"start":{"line":35,"column":8},"end":{"line":52,"column":null}},{"start":{"line":35,"column":8},"end":{"line":52,"column":null}}]},"5":{"loc":{"start":{"line":38,"column":15},"end":{"line":52,"column":null}},"type":"if","locations":[{"start":{"line":38,"column":15},"end":{"line":52,"column":null}},{"start":{"line":38,"column":15},"end":{"line":52,"column":null}}]},"6":{"loc":{"start":{"line":39,"column":12},"end":{"line":51,"column":null}},"type":"if","locations":[{"start":{"line":39,"column":12},"end":{"line":51,"column":null}},{"start":{"line":39,"column":12},"end":{"line":51,"column":null}}]},"7":{"loc":{"start":{"line":41,"column":16},"end":{"line":50,"column":null}},"type":"if","locations":[{"start":{"line":41,"column":16},"end":{"line":50,"column":null}},{"start":{"line":41,"column":16},"end":{"line":50,"column":null}}]},"8":{"loc":{"start":{"line":45,"column":20},"end":{"line":47,"column":null}},"type":"if","locations":[{"start":{"line":45,"column":20},"end":{"line":47,"column":null}},{"start":{"line":45,"column":20},"end":{"line":47,"column":null}}]},"9":{"loc":{"start":{"line":45,"column":24},"end":{"line":45,"column":45}},"type":"binary-expr","locations":[{"start":{"line":45,"column":24},"end":{"line":45,"column":45}},{"start":{"line":45,"column":49},"end":{"line":45,"column":88}}]}},"s":{"0":1,"1":1,"2":6,"3":6,"4":2,"5":5,"6":2,"7":6,"8":6,"9":6,"10":14,"11":0,"12":0,"13":0,"14":0,"15":6,"16":4,"17":4,"18":2,"19":2,"20":2,"21":2,"22":2,"23":2,"24":2,"25":2,"26":2,"27":0,"28":1,"29":1},"f":{"0":6,"1":2,"2":5,"3":6,"4":14,"5":0,"6":6},"b":{"0":[6,0],"1":[6,6],"2":[0,0],"3":[0,0],"4":[4,2],"5":[2,0],"6":[2,0],"7":[2,0],"8":[2,0],"9":[2,2]}}
,"/home/runner/work/plugin-templates/plugin-templates/src/variables/types/invalid.ts": {"path":"/home/runner/work/plugin-templates/plugin-templates/src/variables/types/invalid.ts","statementMap":{"0":{"start":{"line":1,"column":0},"end":{"line":1,"column":39}},"1":{"start":{"line":2,"column":0},"end":{"line":2,"column":40}},"2":{"start":{"line":6,"column":8},"end":{"line":6,"column":101}},"3":{"start":{"line":11,"column":8},"end":{"line":11,"column":36}},"4":{"start":{"line":4,"column":0},"end":{"line":4,"column":13}}},"fnMap":{"0":{"name":"(anonymous_0)","decl":{"start":{"line":5,"column":11},"end":{"line":5,"column":17}},"loc":{"start":{"line":5,"column":17},"end":{"line":7,"column":5}}},"1":{"name":"(anonymous_1)","decl":{"start":{"line":10,"column":4},"end":{"line":10,"column":10}},"loc":{"start":{"line":10,"column":65},"end":{"line":12,"column":5}}}},"branchMap":{},"s":{"0":1,"1":1,"2":0,"3":0,"4":1},"f":{"0":0,"1":0},"b":{}}
,"/home/runner/work/plugin-templates/plugin-templates/src/variables/types/number.ts": {"path":"/home/runner/work/plugin-templates/plugin-templates/src/variables/types/number.ts","statementMap":{"0":{"start":{"line":2,"column":0},"end":{"line":2,"column":39}},"1":{"start":{"line":3,"column":0},"end":{"line":3,"column":40}},"2":{"start":{"line":9,"column":8},"end":{"line":9,"column":75}},"3":{"start":{"line":14,"column":8},"end":{"line":14,"column":40}},"4":{"start":{"line":5,"column":0},"end":{"line":5,"column":13}},"5":{"start":{"line":6,"column":11},"end":{"line":6,"column":37}}},"fnMap":{"0":{"name":"(anonymous_0)","decl":{"start":{"line":8,"column":14},"end":{"line":8,"column":23}},"loc":{"start":{"line":8,"column":23},"end":{"line":10,"column":5}}},"1":{"name":"(anonymous_1)","decl":{"start":{"line":13,"column":11},"end":{"line":13,"column":23}},"loc":{"start":{"line":13,"column":73},"end":{"line":15,"column":5}}}},"branchMap":{},"s":{"0":1,"1":1,"2":0,"3":9,"4":1,"5":1},"f":{"0":0,"1":9},"b":{}}
,"/home/runner/work/plugin-templates/plugin-templates/src/variables/types/text.ts": {"path":"/home/runner/work/plugin-templates/plugin-templates/src/variables/types/text.ts","statementMap":{"0":{"start":{"line":1,"column":0},"end":{"line":1,"column":39}},"1":{"start":{"line":2,"column":0},"end":{"line":2,"column":40}},"2":{"start":{"line":8,"column":8},"end":{"line":8,"column":73}},"3":{"start":{"line":4,"column":0},"end":{"line":4,"column":13}},"4":{"start":{"line":5,"column":11},"end":{"line":5,"column":35}}},"fnMap":{"0":{"name":"(anonymous_0)","decl":{"start":{"line":7,"column":14},"end":{"line":7,"column":23}},"loc":{"start":{"line":7,"column":23},"end":{"line":9,"column":5}}}},"branchMap":{},"s":{"0":1,"1":1,"2":2,"3":1,"4":1},"f":{"0":2},"b":{}}
,"/home/runner/work/plugin-templates/plugin-templates/src/variables/types/time.ts": {"path":"/home/runner/work/plugin-templates/plugin-templates/src/variables/types/time.ts","statementMap":{"0":{"start":{"line":2,"column":0},"end":{"line":2,"column":39}},"1":{"start":{"line":3,"column":0},"end":{"line":3,"column":40}},"2":{"start":{"line":9,"column":33},"end":{"line":9,"column":49}},"3":{"start":{"line":10,"column":20},"end":{"line":10,"column":30}},"4":{"start":{"line":11,"column":8},"end":{"line":11,"column":45}},"5":{"start":{"line":12,"column":8},"end":{"line":12,"column":49}},"6":{"start":{"line":13,"column":8},"end":{"line":13,"column":97}},"7":{"start":{"line":17,"column":8},"end":{"line":17,"column":73}},"8":{"start":{"line":5,"column":0},"end":{"line":5,"column":13}},"9":{"start":{"line":6,"column":11},"end":{"line":6,"column":35}}},"fnMap":{"0":{"name":"(anonymous_0)","decl":{"start":{"line":8,"column":11},"end":{"line":8,"column":23}},"loc":{"start":{"line":8,"column":73},"end":{"line":14,"column":5}}},"1":{"name":"(anonymous_1)","decl":{"start":{"line":16,"column":14},"end":{"line":16,"column":23}},"loc":{"start":{"line":16,"column":23},"end":{"line":18,"column":5}}}},"branchMap":{},"s":{"0":1,"1":1,"2":2,"3":2,"4":2,"5":2,"6":2,"7":0,"8":1,"9":1},"f":{"0":2,"1":0},"b":{}}
,"/home/runner/work/plugin-templates/plugin-templates/src/views/defaultTemplates.ts": {"path":"/home/runner/work/plugin-templates/plugin-templates/src/views/defaultTemplates.ts","statementMap":{"0":{"start":{"line":1,"column":0},"end":{"line":1,"column":25}},"1":{"start":{"line":2,"column":0},"end":{"line":2,"column":39}},"2":{"start":{"line":4,"column":13},"end":{"line":25,"column":null}},"3":{"start":{"line":4,"column":141},"end":{"line":25,"column":null}},"4":{"start":{"line":5,"column":4},"end":{"line":5,"column":76}},"5":{"start":{"line":7,"column":4},"end":{"line":22,"column":6}},"6":{"start":{"line":24,"column":4},"end":{"line":24,"column":70}}},"fnMap":{"0":{"name":"(anonymous_7)","decl":{"start":{"line":4,"column":39},"end":{"line":4,"column":46}},"loc":{"start":{"line":4,"column":141},"end":{"line":25,"column":null}}},"1":{"name":"(anonymous_8)","decl":{"start":{"line":4,"column":141},"end":{"line":4,"column":null}},"loc":{"start":{"line":4,"column":141},"end":{"line":25,"column":1}}}},"branchMap":{"0":{"loc":{"start":{"line":14,"column":37},"end":{"line":14,"column":57}},"type":"cond-expr","locations":[{"start":{"line":14,"column":37},"end":{"line":14,"column":57}},{"start":{"line":14,"column":60},"end":{"line":14,"column":76}}]},"1":{"loc":{"start":{"line":18,"column":37},"end":{"line":18,"column":57}},"type":"cond-expr","locations":[{"start":{"line":18,"column":37},"end":{"line":18,"column":57}},{"start":{"line":18,"column":60},"end":{"line":18,"column":76}}]}},"s":{"0":0,"1":0,"2":0,"3":0,"4":0,"5":0,"6":0},"f":{"0":0,"1":0},"b":{"0":[0,0],"1":[0,0]}}
,"/home/runner/work/plugin-templates/plugin-templates/src/views/templateVariables.ts": {"path":"/home/runner/work/plugin-templates/plugin-templates/src/views/templateVariables.ts","statementMap":{"0":{"start":{"line":1,"column":0},"end":{"line":1,"column":25}},"1":{"start":{"line":2,"column":0},"end":{"line":2,"column":39}},"2":{"start":{"line":5,"column":13},"end":{"line":20,"column":null}},"3":{"start":{"line":5,"column":142},"end":{"line":20,"column":null}},"4":{"start":{"line":6,"column":4},"end":{"line":6,"column":76}},"5":{"start":{"line":8,"column":35},"end":{"line":8,"column":94}},"6":{"start":{"line":8,"column":76},"end":{"line":8,"column":93}},"7":{"start":{"line":9,"column":4},"end":{"line":17,"column":6}},"8":{"start":{"line":19,"column":4},"end":{"line":19,"column":88}}},"fnMap":{"0":{"name":"(anonymous_7)","decl":{"start":{"line":5,"column":40},"end":{"line":5,"column":47}},"loc":{"start":{"line":5,"column":142},"end":{"line":20,"column":null}}},"1":{"name":"(anonymous_8)","decl":{"start":{"line":5,"column":142},"end":{"line":5,"column":null}},"loc":{"start":{"line":5,"column":142},"end":{"line":20,"column":1}}},"2":{"name":"(anonymous_9)","decl":{"start":{"line":8,"column":64},"end":{"line":8,"column":72}},"loc":{"start":{"line":8,"column":76},"end":{"line":8,"column":93}}}},"branchMap":{},"s":{"0":1,"1":1,"2":1,"3":0,"4":0,"5":0,"6":0,"7":0,"8":0},"f":{"0":0,"1":0,"2":0},"b":{}}
}
