TN:
SF:src/actions.ts
FN:6,(anonymous_7)
FN:12,(anonymous_8)
FN:12,(anonymous_9)
FN:25,(anonymous_10)
FN:25,(anonymous_11)
FN:35,(anonymous_12)
FN:35,(anonymous_13)
FNF:7
FNH:0
FNDA:0,(anonymous_7)
FNDA:0,(anonymous_8)
FNDA:0,(anonymous_9)
FNDA:0,(anonymous_10)
FNDA:0,(anonymous_11)
FNDA:0,(anonymous_12)
FNDA:0,(anonymous_13)
DA:1,0
DA:3,0
DA:4,0
DA:6,0
DA:7,0
DA:8,0
DA:9,0
DA:12,0
DA:13,0
DA:15,0
DA:16,0
DA:17,0
DA:18,0
DA:19,0
DA:20,0
DA:25,0
DA:26,0
DA:27,0
DA:28,0
DA:29,0
DA:30,0
DA:31,0
DA:35,0
DA:36,0
DA:38,0
DA:39,0
DA:41,0
DA:42,0
DA:44,0
DA:45,0
LF:30
LH:0
BRDA:6,0,0,0
BRDA:6,0,1,0
BRDA:16,1,0,0
BRDA:16,1,1,0
BRDA:26,2,0,0
BRDA:26,2,1,0
BRDA:37,3,0,0
BRDA:37,3,1,0
BRDA:37,3,2,0
BRF:9
BRH:0
end_of_record
TN:
SF:src/index.ts
FN:16,(anonymous_7)
FN:85,(anonymous_9)
FN:85,(anonymous_10)
FN:92,(anonymous_11)
FN:92,(anonymous_12)
FN:104,(anonymous_13)
FN:104,(anonymous_14)
FN:112,(anonymous_15)
FN:112,(anonymous_16)
FN:120,(anonymous_17)
FN:120,(anonymous_18)
FN:128,(anonymous_19)
FN:128,(anonymous_20)
FN:143,(anonymous_21)
FN:143,(anonymous_22)
FN:155,(anonymous_23)
FN:155,(anonymous_24)
FN:167,(anonymous_25)
FN:167,(anonymous_26)
FN:179,(anonymous_27)
FN:179,(anonymous_28)
FN:191,(anonymous_29)
FN:191,(anonymous_30)
FN:199,(anonymous_31)
FN:199,(anonymous_32)
FNF:25
FNH:0
FNDA:0,(anonymous_7)
FNDA:0,(anonymous_9)
FNDA:0,(anonymous_10)
FNDA:0,(anonymous_11)
FNDA:0,(anonymous_12)
FNDA:0,(anonymous_13)
FNDA:0,(anonymous_14)
FNDA:0,(anonymous_15)
FNDA:0,(anonymous_16)
FNDA:0,(anonymous_17)
FNDA:0,(anonymous_18)
FNDA:0,(anonymous_19)
FNDA:0,(anonymous_20)
FNDA:0,(anonymous_21)
FNDA:0,(anonymous_22)
FNDA:0,(anonymous_23)
FNDA:0,(anonymous_24)
FNDA:0,(anonymous_25)
FNDA:0,(anonymous_26)
FNDA:0,(anonymous_27)
FNDA:0,(anonymous_28)
FNDA:0,(anonymous_29)
FNDA:0,(anonymous_30)
FNDA:0,(anonymous_31)
FNDA:0,(anonymous_32)
DA:1,0
DA:2,0
DA:3,0
DA:4,0
DA:5,0
DA:6,0
DA:7,0
DA:8,0
DA:9,0
DA:10,0
DA:11,0
DA:13,0
DA:15,0
DA:18,0
DA:24,0
DA:62,0
DA:64,0
DA:65,0
DA:66,0
DA:67,0
DA:68,0
DA:73,0
DA:75,0
DA:76,0
DA:77,0
DA:81,0
DA:85,0
DA:86,0
DA:87,0
DA:88,0
DA:92,0
DA:93,0
DA:94,0
DA:99,0
DA:101,0
DA:104,0
DA:105,0
DA:109,0
DA:112,0
DA:113,0
DA:117,0
DA:120,0
DA:121,0
DA:125,0
DA:128,0
DA:129,0
DA:130,0
DA:132,0
DA:133,0
DA:135,0
DA:136,0
DA:140,0
DA:143,0
DA:144,0
DA:145,0
DA:146,0
DA:147,0
DA:152,0
DA:155,0
DA:156,0
DA:157,0
DA:158,0
DA:159,0
DA:164,0
DA:167,0
DA:168,0
DA:169,0
DA:170,0
DA:172,0
DA:176,0
DA:179,0
DA:180,0
DA:181,0
DA:182,0
DA:184,0
DA:188,0
DA:191,0
DA:192,0
DA:196,0
DA:199,0
DA:200,0
DA:201,0
DA:202,0
DA:204,0
DA:206,0
DA:212,0
DA:252,0
DA:256,0
LF:88
LH:0
BRDA:87,0,0,0
BRDA:87,0,1,0
BRDA:132,1,0,0
BRDA:132,1,1,0
BRDA:133,2,0,0
BRDA:133,2,1,0
BRDA:145,3,0,0
BRDA:145,3,1,0
BRDA:157,4,0,0
BRDA:157,4,1,0
BRDA:169,5,0,0
BRDA:169,5,1,0
BRDA:181,6,0,0
BRDA:181,6,1,0
BRDA:200,7,0,0
BRDA:200,7,1,0
BRF:16
BRH:0
end_of_record
TN:
SF:src/legacyTemplates.ts
FN:16,(anonymous_7)
FN:16,(anonymous_8)
FN:21,(anonymous_9)
FN:21,(anonymous_10)
FN:25,(anonymous_11)
FN:25,(anonymous_12)
FNF:6
FNH:0
FNDA:0,(anonymous_7)
FNDA:0,(anonymous_8)
FNDA:0,(anonymous_9)
FNDA:0,(anonymous_10)
FNDA:0,(anonymous_11)
FNDA:0,(anonymous_12)
DA:1,0
DA:3,0
DA:4,0
DA:7,0
DA:16,0
DA:17,0
DA:18,0
DA:21,0
DA:22,0
DA:25,0
DA:26,0
DA:28,0
DA:29,0
DA:31,0
DA:33,0
DA:34,0
DA:35,0
DA:36,0
DA:37,0
DA:38,0
DA:39,0
DA:40,0
DA:42,0
DA:44,0
DA:45,0
DA:47,0
DA:48,0
DA:52,0
DA:56,0
DA:57,0
LF:30
LH:0
BRDA:33,0,0,0
BRDA:33,0,1,0
BRDA:38,1,0,0
BRDA:38,1,1,0
BRDA:38,2,0,0
BRDA:38,2,1,0
BRDA:39,3,0,0
BRDA:39,3,1,0
BRDA:40,4,0,0
BRDA:40,4,1,0
BRDA:56,5,0,0
BRDA:56,5,1,0
BRF:12
BRH:0
end_of_record
TN:
SF:src/logger.ts
FN:8,(anonymous_7)
FN:12,(anonymous_8)
FNF:2
FNH:1
FNDA:1,(anonymous_7)
FNDA:0,(anonymous_8)
DA:1,1
DA:3,1
DA:5,1
DA:9,1
DA:13,0
LF:5
LH:4
BRF:0
BRH:0
end_of_record
TN:
SF:src/parser.ts
FN:35,(anonymous_7)
FN:42,(anonymous_8)
FN:52,(anonymous_9)
FN:54,(anonymous_10)
FN:60,(anonymous_11)
FN:71,(anonymous_12)
FN:79,(anonymous_14)
FN:111,(anonymous_15)
FN:130,(anonymous_16)
FN:142,(anonymous_18)
FN:142,(anonymous_19)
FN:157,(anonymous_20)
FN:165,(anonymous_21)
FN:172,(anonymous_22)
FN:178,(anonymous_23)
FN:188,(anonymous_24)
FN:224,(anonymous_25)
FNF:17
FNH:17
FNDA:26,(anonymous_7)
FNDA:53,(anonymous_8)
FNDA:20,(anonymous_9)
FNDA:38,(anonymous_10)
FNDA:22,(anonymous_11)
FNDA:29,(anonymous_12)
FNDA:39,(anonymous_14)
FNDA:27,(anonymous_15)
FNDA:27,(anonymous_16)
FNDA:5,(anonymous_18)
FNDA:5,(anonymous_19)
FNDA:30,(anonymous_20)
FNDA:30,(anonymous_21)
FNDA:234,(anonymous_22)
FNDA:234,(anonymous_23)
FNDA:24,(anonymous_24)
FNDA:30,(anonymous_25)
DA:1,1
DA:2,1
DA:5,1
DA:7,1
DA:9,1
DA:10,1
DA:16,1
DA:25,1
DA:26,1
DA:27,1
DA:29,1
DA:33,26
DA:36,26
DA:37,26
DA:38,26
DA:39,26
DA:43,53
DA:53,20
DA:54,20
DA:55,38
DA:57,20
DA:61,22
DA:62,40
DA:63,40
DA:64,40
DA:66,1
DA:72,29
DA:73,7
DA:76,22
DA:78,21
DA:79,21
DA:80,39
DA:83,21
DA:84,21
DA:86,21
DA:87,1
DA:96,20
DA:97,20
DA:99,0
DA:100,0
DA:102,0
DA:103,0
DA:105,0
DA:108,20
DA:112,27
DA:113,27
DA:118,27
DA:119,32
DA:120,0
DA:123,32
DA:124,32
DA:127,27
DA:131,27
DA:137,27
DA:138,1
DA:141,27
DA:142,5
DA:145,27
DA:146,2
DA:147,2
DA:148,1
DA:150,1
DA:154,26
DA:163,30
DA:165,30
DA:166,30
DA:168,30
DA:169,6
DA:172,24
DA:173,234
DA:174,24
DA:176,210
DA:178,234
DA:180,24
DA:181,0
DA:184,24
DA:185,24
DA:188,30
DA:189,24
DA:191,72
DA:192,72
DA:193,72
DA:194,66
DA:197,6
DA:200,6
DA:201,0
DA:204,6
DA:205,6
DA:207,6
DA:210,24
DA:213,30
DA:214,30
DA:215,6
DA:218,24
DA:219,24
DA:221,24
DA:225,30
DA:226,0
DA:229,30
DA:231,30
DA:232,30
DA:233,29
DA:235,29
DA:236,29
DA:240,29
DA:241,45
DA:242,5
DA:244,40
DA:248,29
DA:249,28
DA:250,1
DA:253,27
DA:254,27
DA:257,26
DA:259,26
DA:265,26
DA:266,26
DA:268,26
DA:273,14
DA:274,14
DA:275,14
LF:121
LH:112
BRDA:72,0,0,7
BRDA:72,0,1,22
BRDA:86,1,0,1
BRDA:86,1,1,20
BRDA:119,2,0,0
BRDA:119,2,1,32
BRDA:137,3,0,1
BRDA:137,3,1,26
BRDA:141,4,0,2
BRDA:141,4,1,25
BRDA:145,5,0,2
BRDA:145,5,1,25
BRDA:147,6,0,1
BRDA:147,6,1,1
BRDA:168,7,0,6
BRDA:168,7,1,24
BRDA:168,8,0,30
BRDA:168,8,1,30
BRDA:173,9,0,24
BRDA:173,9,1,210
BRDA:173,10,0,234
BRDA:173,10,1,210
BRDA:180,11,0,0
BRDA:180,11,1,24
BRDA:193,12,0,66
BRDA:193,12,1,6
BRDA:200,13,0,0
BRDA:200,13,1,6
BRDA:214,14,0,6
BRDA:214,14,1,24
BRDA:225,15,0,0
BRDA:225,15,1,30
BRDA:241,16,0,5
BRDA:241,16,1,40
BRDA:249,17,0,1
BRDA:249,17,1,27
BRF:36
BRH:32
end_of_record
TN:
SF:src/helpers/case.ts
FN:3,(anonymous_0)
FN:4,(anonymous_1)
FNF:2
FNH:2
FNDA:26,(anonymous_0)
FNDA:4,(anonymous_1)
DA:1,1
DA:3,1
DA:4,26
DA:5,4
DA:7,4
DA:9,2
DA:11,1
DA:13,1
LF:8
LH:8
BRDA:8,0,0,2
BRDA:8,0,1,1
BRDA:8,0,2,1
BRF:3
BRH:3
end_of_record
TN:
SF:src/helpers/compare.ts
FN:3,(anonymous_0)
FN:4,(anonymous_1)
FNF:2
FNH:2
FNDA:26,(anonymous_0)
FNDA:18,(anonymous_1)
DA:1,1
DA:3,1
DA:4,26
DA:5,18
DA:9,7
DA:13,1
DA:17,3
DA:21,1
DA:25,1
DA:29,1
DA:33,2
DA:37,1
DA:39,1
LF:13
LH:13
BRDA:6,0,0,7
BRDA:6,0,1,7
BRDA:6,0,2,7
BRDA:6,0,3,1
BRDA:6,0,4,1
BRDA:6,0,5,1
BRDA:6,0,6,3
BRDA:6,0,7,3
BRDA:6,0,8,3
BRDA:6,0,9,1
BRDA:6,0,10,1
BRDA:6,0,11,1
BRDA:6,0,12,1
BRDA:6,0,13,1
BRDA:6,0,14,1
BRDA:6,0,15,1
BRDA:6,0,16,1
BRDA:6,0,17,1
BRDA:6,0,18,2
BRDA:6,0,19,2
BRDA:6,0,20,2
BRDA:6,0,21,1
BRDA:6,0,22,1
BRDA:6,0,23,1
BRDA:6,0,24,1
BRF:25
BRH:25
end_of_record
TN:
SF:src/helpers/condition.ts
FN:3,(anonymous_0)
FN:4,(anonymous_1)
FNF:2
FNH:2
FNDA:26,(anonymous_0)
FNDA:9,(anonymous_1)
DA:1,1
DA:3,1
DA:4,26
DA:5,9
DA:8,3
DA:11,4
DA:14,1
DA:16,1
LF:8
LH:8
BRDA:6,0,0,3
BRDA:6,0,1,3
BRDA:6,0,2,4
BRDA:6,0,3,4
BRDA:6,0,4,1
BRDA:6,0,5,1
BRDA:6,0,6,1
BRDA:11,1,0,4
BRDA:11,1,1,4
BRDA:14,2,0,1
BRDA:14,2,1,0
BRF:11
BRH:10
end_of_record
TN:
SF:src/helpers/context.ts
FN:6,(anonymous_0)
FNF:1
FNH:1
FNDA:26,(anonymous_0)
DA:3,1
DA:7,26
LF:2
LH:2
BRF:0
BRH:0
end_of_record
TN:
SF:src/helpers/custom_datetime.ts
FN:3,(anonymous_0)
FN:4,(anonymous_1)
FNF:2
FNH:2
FNDA:26,(anonymous_0)
FNDA:1,(anonymous_1)
DA:1,1
DA:3,1
DA:4,26
DA:5,1
LF:4
LH:4
BRF:0
BRH:0
end_of_record
TN:
SF:src/helpers/datetime.ts
FN:15,(anonymous_0)
FN:64,(anonymous_1)
FNF:2
FNH:2
FNDA:26,(anonymous_0)
FNDA:12,(anonymous_1)
DA:1,1
DA:2,1
DA:3,1
DA:5,1
DA:6,1
DA:7,1
DA:8,1
DA:9,1
DA:10,1
DA:11,1
DA:12,1
DA:13,1
DA:15,1
DA:16,26
DA:64,26
DA:65,12
DA:66,12
DA:68,11
DA:70,11
DA:71,2
DA:72,1
DA:73,1
DA:74,1
DA:77,10
DA:78,2
DA:79,1
DA:80,1
DA:81,1
DA:82,1
DA:85,9
DA:86,9
DA:87,9
DA:88,9
DA:89,9
DA:90,9
DA:92,9
LF:36
LH:36
BRDA:70,0,0,2
BRDA:70,0,1,9
BRDA:77,1,0,2
BRDA:77,1,1,8
BRF:4
BRH:4
end_of_record
TN:
SF:src/helpers/helper.ts
FN:13,(anonymous_0)
FN:18,(anonymous_1)
FNF:2
FNH:2
FNDA:182,(anonymous_0)
FNDA:182,(anonymous_1)
DA:1,1
DA:9,1
DA:14,182
DA:15,182
DA:19,182
LF:5
LH:5
BRF:0
BRH:0
end_of_record
TN:
SF:src/helpers/index.ts
FN:24,(anonymous_0)
FNF:1
FNH:1
FNDA:26,(anonymous_0)
DA:3,1
DA:5,1
DA:6,1
DA:7,1
DA:8,1
DA:9,1
DA:10,1
DA:11,1
DA:13,1
DA:14,1
DA:25,26
DA:26,26
DA:27,182
LF:13
LH:13
BRF:0
BRH:0
end_of_record
TN:
SF:src/helpers/math.ts
FN:3,(anonymous_0)
FN:4,(anonymous_1)
FNF:2
FNH:2
FNDA:26,(anonymous_0)
FNDA:17,(anonymous_1)
DA:1,1
DA:3,1
DA:4,26
DA:5,17
DA:6,17
DA:8,17
DA:9,2
DA:12,15
DA:14,2
DA:16,2
DA:18,5
DA:20,3
DA:22,1
DA:24,2
DA:25,1
DA:27,0
LF:16
LH:15
BRDA:8,0,0,2
BRDA:8,0,1,15
BRDA:8,1,0,17
BRDA:8,1,1,15
BRDA:13,2,0,2
BRDA:13,2,1,2
BRDA:13,2,2,5
BRDA:13,2,3,3
BRDA:13,2,4,1
BRDA:13,2,5,2
BRDA:13,2,6,0
BRDA:24,3,0,1
BRDA:24,3,1,1
BRF:13
BRH:12
end_of_record
TN:
SF:src/helpers/repeat.ts
FN:3,(anonymous_0)
FN:4,(anonymous_1)
FNF:2
FNH:2
FNDA:26,(anonymous_0)
FNDA:5,(anonymous_1)
DA:1,1
DA:3,1
DA:4,26
DA:5,5
DA:7,5
DA:8,2
DA:11,3
DA:12,3
DA:13,7
DA:15,3
LF:10
LH:10
BRDA:7,0,0,2
BRDA:7,0,1,3
BRF:2
BRH:2
end_of_record
TN:
SF:src/helpers/utils/attributes.ts
FN:1,(anonymous_0)
FN:22,(anonymous_1)
FN:24,(anonymous_2)
FN:40,(anonymous_3)
FNF:4
FNH:4
FNDA:2,(anonymous_0)
FNDA:17,(anonymous_1)
FNDA:34,(anonymous_2)
FNDA:20,(anonymous_3)
DA:1,2
DA:2,2
DA:3,2
DA:4,2
DA:21,2
DA:22,17
DA:25,34
DA:27,4
DA:29,17
DA:30,17
DA:31,3
DA:33,14
DA:36,13
DA:41,20
DA:43,20
DA:44,0
DA:47,20
DA:48,126
DA:49,34
DA:51,92
DA:55,17
LF:21
LH:20
BRDA:1,0,0,2
BRDA:1,0,1,2
BRDA:26,1,0,4
BRDA:26,1,1,17
BRDA:26,1,2,13
BRDA:29,2,0,9
BRDA:29,2,1,8
BRDA:30,3,0,3
BRDA:30,3,1,14
BRDA:30,4,0,17
BRDA:30,4,1,16
BRDA:43,5,0,0
BRDA:43,5,1,20
BRDA:48,6,0,34
BRDA:48,6,1,92
BRF:15
BRH:14
end_of_record
TN:
SF:src/utils/dataApi.ts
FN:4,(anonymous_7)
FN:4,(anonymous_8)
FNF:2
FNH:0
FNDA:0,(anonymous_7)
FNDA:0,(anonymous_8)
DA:1,2
DA:4,2
DA:5,0
DA:7,0
DA:9,0
DA:10,0
DA:11,0
DA:12,0
DA:15,0
LF:9
LH:2
BRF:0
BRH:0
end_of_record
TN:
SF:src/utils/dateAndTime.ts
FN:22,(anonymous_0)
FN:30,(anonymous_1)
FN:34,(anonymous_2)
FN:38,(anonymous_3)
FN:42,(anonymous_4)
FN:49,(anonymous_5)
FN:53,(anonymous_6)
FN:61,(anonymous_7)
FN:75,(anonymous_8)
FNF:9
FNH:9
FNDA:10,(anonymous_0)
FNDA:166,(anonymous_1)
FNDA:58,(anonymous_2)
FNDA:81,(anonymous_3)
FNDA:283,(anonymous_4)
FNDA:162,(anonymous_5)
FNDA:108,(anonymous_6)
FNDA:4,(anonymous_7)
FNDA:4,(anonymous_8)
DA:1,2
DA:17,2
DA:23,10
DA:24,10
DA:25,10
DA:27,10
DA:31,166
DA:35,58
DA:39,81
DA:43,283
DA:44,54
DA:46,283
DA:50,162
DA:55,108
DA:56,108
DA:57,108
DA:58,108
DA:62,4
DA:64,4
DA:65,2
DA:68,2
DA:76,4
DA:78,4
DA:79,2
DA:82,2
LF:25
LH:25
BRDA:42,0,0,0
BRDA:43,1,0,54
BRDA:43,1,1,229
BRDA:49,2,0,54
BRDA:57,3,0,108
BRDA:57,3,1,0
BRDA:64,4,0,2
BRDA:64,4,1,2
BRDA:78,5,0,2
BRDA:78,5,1,2
BRF:10
BRH:8
end_of_record
TN:
SF:src/utils/folders.ts
FN:5,(anonymous_7)
FN:5,(anonymous_8)
FN:10,(anonymous_9)
FN:10,(anonymous_10)
FN:15,(anonymous_11)
FN:15,(anonymous_12)
FN:19,(anonymous_13)
FN:19,(anonymous_14)
FNF:8
FNH:0
FNDA:0,(anonymous_7)
FNDA:0,(anonymous_8)
FNDA:0,(anonymous_9)
FNDA:0,(anonymous_10)
FNDA:0,(anonymous_11)
FNDA:0,(anonymous_12)
FNDA:0,(anonymous_13)
FNDA:0,(anonymous_14)
DA:1,2
DA:2,2
DA:5,2
DA:6,0
DA:7,0
DA:10,2
DA:11,0
DA:12,0
DA:15,2
DA:16,0
DA:19,2
DA:20,0
DA:21,0
DA:22,0
DA:24,0
LF:15
LH:6
BRF:0
BRH:0
end_of_record
TN:
SF:src/utils/promises.ts
FN:2,(anonymous_7)
FN:6,(anonymous_8)
FN:10,(anonymous_9)
FN:18,(anonymous_10)
FN:20,(anonymous_12)
FNF:5
FNH:0
FNDA:0,(anonymous_7)
FNDA:0,(anonymous_8)
FNDA:0,(anonymous_9)
FNDA:0,(anonymous_10)
FNDA:0,(anonymous_12)
DA:2,0
DA:3,0
DA:4,0
DA:7,0
DA:11,0
DA:12,0
DA:15,0
DA:19,0
DA:20,0
DA:22,0
DA:24,0
DA:25,0
DA:26,0
DA:29,0
LF:14
LH:0
BRDA:11,0,0,0
BRDA:11,0,1,0
BRF:2
BRH:0
end_of_record
TN:
SF:src/utils/tags.ts
FN:10,(anonymous_7)
FN:10,(anonymous_8)
FN:11,(anonymous_9)
FN:19,(anonymous_10)
FN:19,(anonymous_11)
FN:32,(anonymous_12)
FN:32,(anonymous_13)
FN:36,(anonymous_14)
FN:36,(anonymous_15)
FNF:9
FNH:0
FNDA:0,(anonymous_7)
FNDA:0,(anonymous_8)
FNDA:0,(anonymous_9)
FNDA:0,(anonymous_10)
FNDA:0,(anonymous_11)
FNDA:0,(anonymous_12)
FNDA:0,(anonymous_13)
FNDA:0,(anonymous_14)
FNDA:0,(anonymous_15)
DA:1,1
DA:2,1
DA:10,1
DA:11,0
DA:12,0
DA:19,1
DA:20,0
DA:21,0
DA:22,0
DA:25,0
DA:26,0
DA:32,1
DA:33,0
DA:36,1
DA:37,0
LF:15
LH:6
BRDA:21,0,0,0
BRDA:21,0,1,0
BRF:2
BRH:0
end_of_record
TN:
SF:src/utils/templates.ts
FN:13,(anonymous_7)
FN:17,(anonymous_8)
FN:27,(anonymous_9)
FN:27,(anonymous_10)
FN:47,(anonymous_11)
FN:54,(anonymous_12)
FN:54,(anonymous_13)
FN:56,(anonymous_14)
FN:90,(anonymous_15)
FN:90,(anonymous_16)
FNF:10
FNH:8
FNDA:7,(anonymous_7)
FNDA:13,(anonymous_8)
FNDA:7,(anonymous_9)
FNDA:7,(anonymous_10)
FNDA:8,(anonymous_11)
FNDA:7,(anonymous_12)
FNDA:7,(anonymous_13)
FNDA:12,(anonymous_14)
FNDA:0,(anonymous_15)
FNDA:0,(anonymous_16)
DA:1,1
DA:2,1
DA:3,1
DA:13,1
DA:14,7
DA:15,7
DA:17,7
DA:18,13
DA:19,12
DA:20,12
DA:24,7
DA:27,7
DA:28,7
DA:30,7
DA:32,7
DA:33,7
DA:35,7
DA:36,7
DA:39,0
DA:42,7
DA:44,7
DA:45,7
DA:47,7
DA:48,8
DA:51,7
DA:54,7
DA:55,7
DA:56,7
DA:59,12
DA:60,7
DA:62,5
DA:65,12
DA:71,7
DA:72,2
DA:73,2
DA:76,5
DA:83,5
DA:84,3
DA:87,2
DA:90,1
DA:91,0
DA:92,0
DA:95,0
DA:96,0
DA:98,0
DA:99,0
LF:46
LH:39
BRDA:18,0,0,12
BRDA:18,0,1,1
BRDA:32,1,0,7
BRDA:32,1,1,0
BRDA:59,2,0,7
BRDA:59,2,1,5
BRDA:71,3,0,2
BRDA:71,3,1,5
BRDA:83,4,0,3
BRDA:83,4,1,2
BRDA:91,5,0,0
BRDA:91,5,1,0
BRF:12
BRH:9
end_of_record
TN:
SF:src/variables/parser.ts
FN:22,(anonymous_0)
FNF:1
FNH:1
FNDA:39,(anonymous_0)
DA:1,1
DA:2,1
DA:3,1
DA:4,1
DA:5,1
DA:6,1
DA:7,1
DA:8,1
DA:12,1
DA:22,1
DA:23,39
DA:24,102
DA:25,102
DA:26,39
DA:28,63
DA:29,63
DA:32,0
LF:17
LH:16
BRDA:28,0,0,63
BRDA:28,0,1,0
BRF:2
BRH:1
end_of_record
TN:
SF:src/variables/types/base.ts
FN:11,(anonymous_0)
FN:16,(anonymous_1)
FN:20,(anonymous_2)
FN:36,(anonymous_3)
FN:40,(anonymous_4)
FNF:5
FNH:4
FNDA:39,(anonymous_0)
FNDA:0,(anonymous_1)
FNDA:4,(anonymous_2)
FNDA:20,(anonymous_3)
FNDA:96,(anonymous_4)
DA:2,1
DA:4,1
DA:6,1
DA:12,39
DA:13,39
DA:17,0
DA:21,4
DA:37,20
DA:41,96
DA:42,32
DA:43,64
DA:44,11
DA:45,11
DA:46,11
DA:47,1
DA:48,1
DA:49,1
DA:51,1
DA:56,63
LF:19
LH:18
BRDA:41,0,0,32
BRDA:41,0,1,64
BRDA:41,1,0,96
BRDA:41,1,1,85
BRDA:43,2,0,11
BRDA:43,2,1,53
BRDA:44,3,0,11
BRDA:44,3,1,0
BRDA:46,4,0,1
BRDA:46,4,1,10
BRDA:46,5,0,11
BRDA:46,5,1,11
BRDA:48,6,0,1
BRDA:48,6,1,0
BRDA:48,7,0,1
BRDA:48,7,1,1
BRF:16
BRH:14
end_of_record
TN:
SF:src/variables/types/boolean.ts
FN:8,(anonymous_0)
FN:20,(anonymous_1)
FNF:2
FNH:1
FNDA:0,(anonymous_0)
FNDA:5,(anonymous_1)
DA:2,1
DA:3,1
DA:5,1
DA:6,1
DA:9,0
DA:21,5
LF:6
LH:5
BRF:0
BRH:0
end_of_record
TN:
SF:src/variables/types/date.ts
FN:8,(anonymous_0)
FN:13,(anonymous_1)
FNF:2
FNH:1
FNDA:2,(anonymous_0)
FNDA:0,(anonymous_1)
DA:2,1
DA:3,1
DA:5,1
DA:6,1
DA:9,2
DA:10,2
DA:14,0
LF:7
LH:6
BRF:0
BRH:0
end_of_record
TN:
SF:src/variables/types/enum.ts
FN:8,(anonymous_0)
FN:13,(anonymous_1)
FN:14,(anonymous_2)
FN:20,(anonymous_3)
FN:24,(anonymous_4)
FN:28,(anonymous_5)
FN:34,(anonymous_6)
FNF:7
FNH:6
FNDA:6,(anonymous_0)
FNDA:2,(anonymous_1)
FNDA:5,(anonymous_2)
FNDA:6,(anonymous_3)
FNDA:14,(anonymous_4)
FNDA:0,(anonymous_5)
FNDA:6,(anonymous_6)
DA:1,1
DA:2,1
DA:4,1
DA:5,1
DA:9,6
DA:10,6
DA:14,2
DA:15,5
DA:17,2
DA:21,6
DA:23,6
DA:24,14
DA:27,0
DA:28,0
DA:31,0
DA:35,6
DA:36,4
DA:37,4
DA:38,2
DA:39,2
DA:40,2
DA:41,2
DA:42,2
DA:44,2
DA:45,2
DA:46,2
DA:49,2
DA:54,0
LF:28
LH:24
BRDA:23,0,0,6
BRDA:23,0,1,0
BRDA:23,1,0,6
BRDA:23,1,1,6
BRDA:27,2,0,0
BRDA:27,2,1,0
BRDA:27,3,0,0
BRDA:27,3,1,0
BRDA:35,4,0,4
BRDA:35,4,1,2
BRDA:38,5,0,2
BRDA:38,5,1,0
BRDA:39,6,0,2
BRDA:39,6,1,0
BRDA:41,7,0,2
BRDA:41,7,1,0
BRDA:45,8,0,2
BRDA:45,8,1,0
BRDA:45,9,0,2
BRDA:45,9,1,2
BRF:20
BRH:11
end_of_record
TN:
SF:src/variables/types/invalid.ts
FN:5,(anonymous_0)
FN:10,(anonymous_1)
FNF:2
FNH:0
FNDA:0,(anonymous_0)
FNDA:0,(anonymous_1)
DA:1,1
DA:2,1
DA:4,1
DA:6,0
DA:11,0
LF:5
LH:3
BRF:0
BRH:0
end_of_record
TN:
SF:src/variables/types/number.ts
FN:8,(anonymous_0)
FN:13,(anonymous_1)
FNF:2
FNH:1
FNDA:0,(anonymous_0)
FNDA:9,(anonymous_1)
DA:2,1
DA:3,1
DA:5,1
DA:6,1
DA:9,0
DA:14,9
LF:6
LH:5
BRF:0
BRH:0
end_of_record
TN:
SF:src/variables/types/text.ts
FN:7,(anonymous_0)
FNF:1
FNH:1
FNDA:2,(anonymous_0)
DA:1,1
DA:2,1
DA:4,1
DA:5,1
DA:8,2
LF:5
LH:5
BRF:0
BRH:0
end_of_record
TN:
SF:src/variables/types/time.ts
FN:8,(anonymous_0)
FN:16,(anonymous_1)
FNF:2
FNH:1
FNDA:2,(anonymous_0)
FNDA:0,(anonymous_1)
DA:2,1
DA:3,1
DA:5,1
DA:6,1
DA:9,2
DA:10,2
DA:11,2
DA:12,2
DA:13,2
DA:17,0
LF:10
LH:9
BRF:0
BRH:0
end_of_record
TN:
SF:src/views/defaultTemplates.ts
FN:4,(anonymous_7)
FN:4,(anonymous_8)
FNF:2
FNH:0
FNDA:0,(anonymous_7)
FNDA:0,(anonymous_8)
DA:1,0
DA:2,0
DA:4,0
DA:5,0
DA:7,0
DA:24,0
LF:6
LH:0
BRDA:14,0,0,0
BRDA:14,0,1,0
BRDA:18,1,0,0
BRDA:18,1,1,0
BRF:4
BRH:0
end_of_record
TN:
SF:src/views/templateVariables.ts
FN:5,(anonymous_7)
FN:5,(anonymous_8)
FN:8,(anonymous_9)
FNF:3
FNH:0
FNDA:0,(anonymous_7)
FNDA:0,(anonymous_8)
FNDA:0,(anonymous_9)
DA:1,1
DA:2,1
DA:5,1
DA:6,0
DA:8,0
DA:9,0
DA:19,0
LF:7
LH:3
BRF:0
BRH:0
end_of_record
